[backblue.gif]
[fade.gif]
[index.html]
[leedaegyu.pe.kr/img/favicon.ico]
[leedaegyu.pe.kr/index.html]
[leedaegyu.pe.kr/js/default.js]
[leedaegyu.pe.kr/js/jquery-1.12.4.minc55d.js]
[leedaegyu.pe.kr/js/jquery-migrate-1.4.1.minc55d.js]
[leedaegyu.pe.kr/js/jquery.menuc55d.js]
[leedaegyu.pe.kr/js/commonc55d.js]
[leedaegyu.pe.kr/js/wrestc55d.js]
[leedaegyu.pe.kr/js/placeholders.minc55d.js]
[cdn.jsdelivr.net/npm/swiper@9/swiper-bundle.min.js]
[leedaegyu.pe.kr/js/index.js]
[leedaegyu.pe.kr/mov/mov23-2.mp4]
[leedaegyu.pe.kr/mov/mov23.webm]
[leedaegyu.pe.kr/img/menu/menu-img1-1.png]
[leedaegyu.pe.kr/img/menu/menu-img1-2.png]
[leedaegyu.pe.kr/img/menu/menu-img1-3.png]
[leedaegyu.pe.kr/img/menu/menu-img2-1.png]
[leedaegyu.pe.kr/img/menu/menu-img2-2.png]
[leedaegyu.pe.kr/img/menu/menu-img2-3.png]
[leedaegyu.pe.kr/img/menu/menu-img3-1.png]
[leedaegyu.pe.kr/img/menu/menu-img3-2.png]
[leedaegyu.pe.kr/img/menu/menu-img3-3.png]
[leedaegyu.pe.kr/css/defaultaa39.css]
[leedaegyu.pe.kr/img/menu/menu-img4-1.png]
[leedaegyu.pe.kr/img/menu/menu-img4-2.png]
[leedaegyu.pe.kr/img/menu/menu-img4-3.png]
[leedaegyu.pe.kr/img/event-img1.jpg]
[leedaegyu.pe.kr/js/font-awesome/css/font-awesome.minaa39.css]
[leedaegyu.pe.kr/img/event-img2.jpg]
[leedaegyu.pe.kr/img/event-img3.jpg]
[leedaegyu.pe.kr/img/event-img4.jpg]
[leedaegyu.pe.kr/img/event-img5.jpg]
[leedaegyu.pe.kr/bbs/index.html]
[leedaegyu.pe.kr/img/event-img6.jpg]
[leedaegyu.pe.kr/data/file/notice/thumb-124ff4517aaeb5ce12c71ca6b4e78089_rabHZgvK_9183cc440f5fffd723c7d63a23b8f58a5e7b55d7_305x200.png]
[leedaegyu.pe.kr/data/file/notice/thumb-124ff4517aaeb5ce12c71ca6b4e78089_eaM48uNK_0395bb3121a81c2a2897f9680a4696a128b495f0_305x200.png]
[leedaegyu.pe.kr/data/file/notice/thumb-124ff4517aaeb5ce12c71ca6b4e78089_XaRZ2TxW_6c8c901341ce4061d03d7a4e5212cc5d0ad8081c_305x200.png]
[cdn.jsdelivr.net/npm/xeicon@2.3.3/xeicon.min.css]
[leedaegyu.pe.kr/data/file/notice/thumb-124ff4517aaeb5ce12c71ca6b4e78089_VMEgTjRo_4684b8b615a1ad7dbba52d0dfb8ced0468a1e794_305x200.png]
[leedaegyu.pe.kr/font/fontello8b72.eot]
[leedaegyu.pe.kr/font/fontello8b72.woff2]
[leedaegyu.pe.kr/sub/sub1-1.html]
[leedaegyu.pe.kr/font/fontello8b72.woff]
[leedaegyu.pe.kr/font/fontello8b72.ttf]
[leedaegyu.pe.kr/img/btn_first.gif]
[leedaegyu.pe.kr/img/btn_prev.gif]
[leedaegyu.pe.kr/img/btn_end.gif]
[leedaegyu.pe.kr/img/btn_next.gif]
[leedaegyu.pe.kr/sub/sub1-2.html]
[leedaegyu.pe.kr/js/font-awesome/fonts/fontawesome-webfont3e6e.eot]
[leedaegyu.pe.kr/js/font-awesome/fonts/fontawesome-webfontd41d.eot]
[leedaegyu.pe.kr/js/font-awesome/fonts/fontawesome-webfont3e6e.woff2]
[leedaegyu.pe.kr/js/font-awesome/fonts/fontawesome-webfont3e6e.woff]
[leedaegyu.pe.kr/js/font-awesome/fonts/fontawesome-webfont3e6e.ttf]
[cdn.jsdelivr.net/npm/xeicon@2.3.3/fonts/xeicon75d5.eot]
[cdn.jsdelivr.net/npm/xeicon@2.3.3/fonts/xeicon75d5.woff2]
[leedaegyu.pe.kr/sub/sub1-3.html]
[cdn.jsdelivr.net/npm/xeicon@2.3.3/fonts/xeicon75d5.ttf]
[cdn.jsdelivr.net/npm/xeicon@2.3.3/fonts/xeicon75d5.woff]
[leedaegyu.pe.kr/img/sub1-1-begin.jpg]
[leedaegyu.pe.kr/img/sub1-1-develope.jpg]
[leedaegyu.pe.kr/img/sub1-1-global.jpg]
[leedaegyu.pe.kr/bbs/board86d5.html]
[leedaegyu.pe.kr/img/sub1-2-climate.jpg]
[leedaegyu.pe.kr/img/sub1-2-blend.jpg]
[leedaegyu.pe.kr/img/sub1-2-roast.jpg]
[leedaegyu.pe.kr/img/sub1-2-golden.jpg]
[leedaegyu.pe.kr/img/sub1-2-research.jpg]
[leedaegyu.pe.kr/js/sub1.js]
[leedaegyu.pe.kr/img/sub1-3-choose-bicerin.png]
[leedaegyu.pe.kr/img/sub1-3-choose-vanillabean.png]
[leedaegyu.pe.kr/bbs/boarde05e.html]
[leedaegyu.pe.kr/img/sub1-3-choose-conpanna.png]
[leedaegyu.pe.kr/img/sub1-3-choose-affogato.png]
[leedaegyu.pe.kr/img/sub1-3-choose-strapazatto.png]
[leedaegyu.pe.kr/img/sub1-3-choose-mocha.png]
[leedaegyu.pe.kr/img/sub1-3-choose-espressino.png]
[leedaegyu.pe.kr/img/sub1-3-choose-dolce.png]
[leedaegyu.pe.kr/img/sub1-3-centro.jpg]
[leedaegyu.pe.kr/bbs/boardc456.html]
[leedaegyu.pe.kr/img/sub1-3-store-1.jpg]
[leedaegyu.pe.kr/img/sub1-3-store-2.jpg]
[leedaegyu.pe.kr/img/sub1-3-store-3.jpg]
[leedaegyu.pe.kr/img/sub1-3-store-4.jpg]
[leedaegyu.pe.kr/bbs/board663c.html]
[leedaegyu.pe.kr/img/sub1-3-store-5.jpg]
[leedaegyu.pe.kr/data/file/season/thumb-124ff4517aaeb5ce12c71ca6b4e78089_01F6Tcty_7c601c74c8dcabda652ff3d71b8a18c9755c7dab_280x305.jpg]
[leedaegyu.pe.kr/data/file/season/thumb-124ff4517aaeb5ce12c71ca6b4e78089_74gYdrVo_2c2def1529bb4367cb1170ec77470b3cf2ab9909_280x305.jpg]
[leedaegyu.pe.kr/data/file/season/thumb-124ff4517aaeb5ce12c71ca6b4e78089_YzSi29Xj_f11e9f16da134ac805a6a5cbef636d4233b3e05a_280x305.jpg]
[leedaegyu.pe.kr/data/file/season/thumb-124ff4517aaeb5ce12c71ca6b4e78089_RUuj6lS9_75974259fbe52b389b1486db9bb8608ca3572c2e_280x305.jpg]
[leedaegyu.pe.kr/data/file/season/thumb-124ff4517aaeb5ce12c71ca6b4e78089_AmhPzXu3_1a04469469fefd4c30c599cf37ad6a291bad3874_280x305.jpg]
[leedaegyu.pe.kr/bbs/boardbdfa.html]
[leedaegyu.pe.kr/data/file/season/thumb-124ff4517aaeb5ce12c71ca6b4e78089_hoRd7Ey2_86714c7f0ac29178b100f0a490ac356a0c39bd89_280x305.jpg]
[leedaegyu.pe.kr/data/file/season/thumb-124ff4517aaeb5ce12c71ca6b4e78089_VTWwgneo_59b9b2dc107f14db74257a8ee12f9c79bc992d41_280x305.png]
[leedaegyu.pe.kr/data/file/season/thumb-124ff4517aaeb5ce12c71ca6b4e78089_RLSPe5s7_41e056db4c8a9e978ef134d570f7e6f90543cd09_280x305.jpg]
[leedaegyu.pe.kr/data/file/season/thumb-124ff4517aaeb5ce12c71ca6b4e78089_MY5gcRyz_21a789e3ecdadfc7cd793170e06c60377831ee9d_280x305.jpg]
[leedaegyu.pe.kr/data/file/season/thumb-124ff4517aaeb5ce12c71ca6b4e78089_VUlCeTWd_aaf2f1e47e6be31698f74fc60da1273f3d0afef7_280x305.jpg]
[leedaegyu.pe.kr/data/file/season/thumb-124ff4517aaeb5ce12c71ca6b4e78089_A26ROHNq_662cb318d581c9b75beb06970f8fd23f143ef4b3_280x305.jpg]
[leedaegyu.pe.kr/data/file/season/thumb-124ff4517aaeb5ce12c71ca6b4e78089_bGSlvCUq_3216046a92997d57708b1a8e53e008452e1e7a68_280x305.jpg]
[leedaegyu.pe.kr/data/file/coffee/thumb-61_copy_62_124ff4517aaeb5ce12c71ca6b4e78089_VTWwgneo_59b9b2dc107f14db74257a8ee12f9c79bc992d41_280x305.png]
[leedaegyu.pe.kr/data/file/coffee/thumb-124ff4517aaeb5ce12c71ca6b4e78089_VTWwgneo_59b9b2dc107f14db74257a8ee12f9c79bc992d41_280x305.png]
[leedaegyu.pe.kr/data/file/coffee/thumb-59_copy_60_124ff4517aaeb5ce12c71ca6b4e78089_tRDlzBJW_39171908e76dd6b48e1a236759d33a944375d8eb_280x305.png]
[leedaegyu.pe.kr/data/file/coffee/thumb-124ff4517aaeb5ce12c71ca6b4e78089_tRDlzBJW_39171908e76dd6b48e1a236759d33a944375d8eb_280x305.png]
[leedaegyu.pe.kr/data/file/coffee/thumb-57_copy_58_124ff4517aaeb5ce12c71ca6b4e78089_J2xduEnC_52c7413807bce2807440a7721a04e79303726a88_280x305.png]
[leedaegyu.pe.kr/data/file/coffee/thumb-124ff4517aaeb5ce12c71ca6b4e78089_J2xduEnC_52c7413807bce2807440a7721a04e79303726a88_280x305.png]
[leedaegyu.pe.kr/bbs/board8255.html]
[leedaegyu.pe.kr/data/file/coffee/thumb-55_copy_56_124ff4517aaeb5ce12c71ca6b4e78089_xq1QcDm2_57d88c67c18fe37e3840a7bec442ff40692e66a0_280x305.png]
[leedaegyu.pe.kr/data/file/coffee/thumb-124ff4517aaeb5ce12c71ca6b4e78089_xq1QcDm2_57d88c67c18fe37e3840a7bec442ff40692e66a0_280x305.png]
[leedaegyu.pe.kr/data/file/coffee/thumb-124ff4517aaeb5ce12c71ca6b4e78089_z8MpOWBn_1af3aaff683cacf19f84101f18293059a1b469bc_280x305.jpg]
[leedaegyu.pe.kr/data/file/coffee/thumb-124ff4517aaeb5ce12c71ca6b4e78089_yvnOGLcx_85374c922769ac6bd2b452a8f50bd84ca79cdc52_280x305.jpg]
[leedaegyu.pe.kr/data/file/coffee/thumb-124ff4517aaeb5ce12c71ca6b4e78089_w95ndQBV_700a657925cc32cf30a8cadaa42f8abafc8eabaf_280x305.jpg]
[leedaegyu.pe.kr/data/file/coffee/thumb-124ff4517aaeb5ce12c71ca6b4e78089_ODevaIT7_5e8326dc5a8cc7bbe1bba8ecd9361ed4fe7baa65_280x305.jpg]
[leedaegyu.pe.kr/data/file/beverage/thumb-47_copy_87_4ef40fba3f0f0f128eef90fa7104bbf8_Tfitr6lA_4a588ee23210180e6f681110f7d2863ecd42053a_280x305.png]
[leedaegyu.pe.kr/data/file/beverage/thumb-46_copy_86_4ef40fba3f0f0f128eef90fa7104bbf8_iVyFW0kT_e59eb54d5e11bc87942066074fb8defbfdc1092a_280x305.jpg]
[leedaegyu.pe.kr/data/file/beverage/thumb-45_copy_85_4ef40fba3f0f0f128eef90fa7104bbf8_wFDJPq04_321809044c972ecbfa8da31fda655602fa769a93_280x305.jpg]
[leedaegyu.pe.kr/data/file/beverage/thumb-44_copy_84_4ef40fba3f0f0f128eef90fa7104bbf8_wMuIfYSy_ca949b2f9bd5af3f9c27abd60f2a478722544d5c_280x305.jpg]
[leedaegyu.pe.kr/data/file/beverage/thumb-43_copy_83_4ef40fba3f0f0f128eef90fa7104bbf8_KoO6b3Tl_9757e2ef4039619570b62761049e773d86692f0b_280x305.jpg]
[leedaegyu.pe.kr/data/file/beverage/thumb-42_copy_82_4ef40fba3f0f0f128eef90fa7104bbf8_GDgZPVhm_b9b329e2f8b9eebe6904ffda61cbd6672cadaa72_280x305.jpg]
[leedaegyu.pe.kr/data/file/beverage/thumb-41_copy_81_4ef40fba3f0f0f128eef90fa7104bbf8_ltrvEjcY_f6c1c5c0f380f085580ae4d074c6e157b3e3a442_280x305.jpg]
[leedaegyu.pe.kr/data/file/beverage/thumb-40_copy_80_4ef40fba3f0f0f128eef90fa7104bbf8_K6W1v8EV_08fcaafcb393e593b2ec4404320ff477a193e8f1_280x305.jpg]
[leedaegyu.pe.kr/data/file/beverage/thumb-39_copy_79_4ef40fba3f0f0f128eef90fa7104bbf8_Pg4JHum8_161f7bb5e0f14b3d0188863a238e268c81df6588_280x305.png]
[leedaegyu.pe.kr/bbs/write9639.html]
[leedaegyu.pe.kr/data/file/beverage/thumb-38_copy_78_4ef40fba3f0f0f128eef90fa7104bbf8_7elkXa2c_5b74ccc953255b2738be54edf716ff803a1f5958_280x305.jpg]
[leedaegyu.pe.kr/data/file/beverage/thumb-37_copy_77_4ef40fba3f0f0f128eef90fa7104bbf8_I7qJAhaD_604fe2399438f68c37bdf33217cbc3a61062671c_280x305.jpg]
[leedaegyu.pe.kr/data/file/beverage/thumb-124ff4517aaeb5ce12c71ca6b4e78089_9oeBLOmh_8648991cc7ee1133104362b0d6677327ae8e1f84_280x305.jpg]
[leedaegyu.pe.kr/bbs/board872c.html]
[leedaegyu.pe.kr/data/file/food/thumb-124ff4517aaeb5ce12c71ca6b4e78089_aGnNV2Tk_3f6b7a0afd63dc55558f8db9641138c2cd3809ed_280x305.jpg]
[leedaegyu.pe.kr/data/file/food/thumb-76_copy_164_124ff4517aaeb5ce12c71ca6b4e78089_ZysLIJkR_8e8d8efed13363e09ce8e8bbe3ebb61efecc23e2_280x305.jpg]
[leedaegyu.pe.kr/data/file/food/thumb-75_copy_163_124ff4517aaeb5ce12c71ca6b4e78089_0Nt2TSAX_69db5a49f9642f4f2367ed3b7ea98c408d227c44_280x305.jpg]
[leedaegyu.pe.kr/data/file/food/thumb-74_copy_162_124ff4517aaeb5ce12c71ca6b4e78089_4rct5Mm8_4f6f7457a4412c6da7148a1931a6bf976bf930fb_280x305.jpg]
[leedaegyu.pe.kr/data/file/food/thumb-73_copy_161_124ff4517aaeb5ce12c71ca6b4e78089_wtUvjsXe_1167ddf6d81b133685b2516ee2a6b549ff56e82e_280x305.jpg]
[leedaegyu.pe.kr/data/file/food/thumb-72_copy_160_124ff4517aaeb5ce12c71ca6b4e78089_kjPmyOoH_56adf5047fea82456cba69aa1bb4a1aac29c1ebb_280x305.jpg]
[leedaegyu.pe.kr/data/file/food/thumb-71_copy_159_124ff4517aaeb5ce12c71ca6b4e78089_gNUaHl6h_2b52616d7df997f2411b55e3c7aa6dbe086cb6e5_280x305.jpg]
[leedaegyu.pe.kr/data/file/food/thumb-70_copy_154_124ff4517aaeb5ce12c71ca6b4e78089_XWSg3IhF_ca9eba4e44a977a261ae57e4923574d63fbc87c1_280x305.jpg]
[leedaegyu.pe.kr/bbs/board8497.html]
[leedaegyu.pe.kr/data/file/food/thumb-69_copy_153_124ff4517aaeb5ce12c71ca6b4e78089_Hq6JRpsV_9664226d0a362e057ffc90306807f5f89ad07470_280x305.jpg]
[leedaegyu.pe.kr/data/file/food/thumb-68_copy_152_124ff4517aaeb5ce12c71ca6b4e78089_ICzoG6cr_4d8d77a26e723af30f2f716a35053e194ada93df_280x305.jpg]
[leedaegyu.pe.kr/data/file/food/thumb-67_copy_151_124ff4517aaeb5ce12c71ca6b4e78089_ZUuI7Fon_7be00de8190a9ce7c2895bbac1bf0e2867ab7125_280x305.jpg]
[leedaegyu.pe.kr/data/file/food/thumb-66_copy_150_124ff4517aaeb5ce12c71ca6b4e78089_ymb6sYn9_366c7a2a3a34cefc305b6ba5175f18f6bdbcd3ea_280x305.jpg]
[leedaegyu.pe.kr/bbs/boardfe0e.html]
[leedaegyu.pe.kr/bbs/board4002.html]
[leedaegyu.pe.kr/data/file/product/thumb-60_copy_97_124ff4517aaeb5ce12c71ca6b4e78089_zu4h5MOb_f3613de8dfc73181c5bd2526c73615481d83ddd2_280x305.jpg]
[leedaegyu.pe.kr/data/file/product/thumb-55_copy1_96_124ff4517aaeb5ce12c71ca6b4e78089_H4wEpNn1_002a1334edd2a4f6aa77d26ce6c34340661407c5_280x305.jpg]
[leedaegyu.pe.kr/data/file/product/thumb-58_copy_95_124ff4517aaeb5ce12c71ca6b4e78089_ALyEmd1p_f574be9a7f4bd3cf5d15315850216d25bb2d556a_280x305.jpg]
[leedaegyu.pe.kr/data/file/product/thumb-57_copy_94_124ff4517aaeb5ce12c71ca6b4e78089_j1Axk2Qg_1e08cec3389f502694ee95f493af771b26052419_280x305.jpg]
[leedaegyu.pe.kr/data/file/product/thumb-56_copy_93_124ff4517aaeb5ce12c71ca6b4e78089_2bVBYkeg_b7bece20cb6daafd94ed514c311bddce51706350_280x305.jpg]
[leedaegyu.pe.kr/data/file/product/thumb-4ef40fba3f0f0f128eef90fa7104bbf8_ym0JQXi8_c5621efe98b5d642f7e8f1df7c33bcf974468b58_280x305.jpg]
[leedaegyu.pe.kr/data/file/product/thumb-4ef40fba3f0f0f128eef90fa7104bbf8_SpUQEr2l_6ff776eebc1f15fe12bf6fea49bc703bdff791d0_280x305.jpg]
[leedaegyu.pe.kr/data/file/product/thumb-4ef40fba3f0f0f128eef90fa7104bbf8_nkOvbeFf_49a41520c5c8d8edb9ce7bc4697835c0d07f5999_280x305.jpg]
[leedaegyu.pe.kr/data/file/product/thumb-4ef40fba3f0f0f128eef90fa7104bbf8_syrXf5QG_f8152108ac8ce0bffd19faa7b601a663bb35bb8f_280x305.jpg]
[leedaegyu.pe.kr/data/file/product/thumb-4ef40fba3f0f0f128eef90fa7104bbf8_a0exzLdB_301fa818a575721afbb4d26d8e66742ac83dc825_280x305.jpg]
[leedaegyu.pe.kr/data/file/product/thumb-4ef40fba3f0f0f128eef90fa7104bbf8_1ok2Fh3t_4c785fda92e5a9904d261388b4cdf77f26c7ffb7_280x305.jpg]
[leedaegyu.pe.kr/data/file/product/thumb-4ef40fba3f0f0f128eef90fa7104bbf8_z7Obrp3k_f50b6af5d5ae3a853c7e2286e9546f4bb8911b3e_280x305.jpg]
[leedaegyu.pe.kr/sub/sub5-1.html]
[leedaegyu.pe.kr/skin/board/branches_on/d3.minc55d.js]
[leedaegyu.pe.kr/sub/sub5-2.html]
[leedaegyu.pe.kr/bbs/write83e9.html]
[leedaegyu.pe.kr/plugin/kcaptcha/kcaptcha.js]
[leedaegyu.pe.kr/plugin/kcaptcha/img/dot.gif]
[leedaegyu.pe.kr/sub/sub5-4.html]
[leedaegyu.pe.kr/sub/sub5-5.html]
[leedaegyu.pe.kr/data/file/event/thumb-10_copy2_26_124ff4517aaeb5ce12c71ca6b4e78089_6rmgz3qQ_e81b0f112d1df7db89d9953296af84bc228cad77_360x225.png]
[leedaegyu.pe.kr/data/file/event/thumb-9_copy2_25_124ff4517aaeb5ce12c71ca6b4e78089_NsqM0BLH_c7384e1e661b226e9b95662271f9851f8f3ef3f8_360x225.png]
[leedaegyu.pe.kr/data/file/event/thumb-19_copy_24_124ff4517aaeb5ce12c71ca6b4e78089_i67CRcSv_517a426f3d58d27f549f0c0036c9960ba1f07063_360x225.png]
[leedaegyu.pe.kr/bbs/register.html]
[leedaegyu.pe.kr/data/file/event/thumb-2_copy3_23_4ef40fba3f0f0f128eef90fa7104bbf8_AmhiEWfN_393532967d4577b52edc25994f3283f0af9d557a_360x225.png]
[leedaegyu.pe.kr/data/file/event/thumb-14_copy1_22_124ff4517aaeb5ce12c71ca6b4e78089_1VtcgPMH_88eb8c08790163ae0e4784384f548682963ee2fb_360x225.png]
[leedaegyu.pe.kr/data/file/event/thumb-124ff4517aaeb5ce12c71ca6b4e78089_LvAysUQP_67b5c8ee3151b8a70ce464e592478d84a84dc93a_360x225.png]
[leedaegyu.pe.kr/data/file/event/thumb-124ff4517aaeb5ce12c71ca6b4e78089_dKk5HcxN_b3efad044dbdf3f7e70114ac0506f527b464ae62_360x225.png]
[leedaegyu.pe.kr/data/file/event/thumb-124ff4517aaeb5ce12c71ca6b4e78089_EDfmR7dx_a783d1b4d28bd0851d0660e229c0d7951bf758c7_360x225.png]
[leedaegyu.pe.kr/bbs/login.html]
[leedaegyu.pe.kr/data/file/sns/thumb-124ff4517aaeb5ce12c71ca6b4e78089_wXQlRuZi_47fa72a26101cecf7640ce0ee4714ba11c34533b_280x280.png]
[leedaegyu.pe.kr/data/file/sns/thumb-124ff4517aaeb5ce12c71ca6b4e78089_JVUN4HwM_3be38c9422836eef7b68ecebc77a6218bb324676_280x280.png]
[leedaegyu.pe.kr/data/file/sns/thumb-124ff4517aaeb5ce12c71ca6b4e78089_wZIK9nlX_c5ae18aa01eb3248fffe45ee466873b38041d6ee_280x280.png]
[leedaegyu.pe.kr/data/file/sns/thumb-3_copy_27_124ff4517aaeb5ce12c71ca6b4e78089_hgcC7LyH_3d6eec9e428b2b864301af92ed520b509213c561_280x280.png]
[leedaegyu.pe.kr/data/file/sns/thumb-2_copy_26_124ff4517aaeb5ce12c71ca6b4e78089_dlAZrEYh_fd523e7b6a2e5a0838202203a0c6c92dfaf6a4e8_280x280.png]
[leedaegyu.pe.kr/data/file/sns/thumb-124ff4517aaeb5ce12c71ca6b4e78089_WFbCcEQ2_31450d836baa1006963124b1390acda4d1155336_280x280.jpg]
[cdn.jsdelivr.net/npm/swiper@9/swiper-bundle.min.css]
[leedaegyu.pe.kr/data/file/sns/thumb-124ff4517aaeb5ce12c71ca6b4e78089_avi2OVwj_117e86729981cbb5e5746a424c2ee34f812ec527_280x280.jpg]
[leedaegyu.pe.kr/data/file/sns/thumb-124ff4517aaeb5ce12c71ca6b4e78089_Zc07Dgot_056394208aec3561a8c94937d253023e6d88a651_280x280.jpg]
[leedaegyu.pe.kr/data/file/sns/thumb-124ff4517aaeb5ce12c71ca6b4e78089_tmP6KXxB_8e09bb76338dfc26dbb45a63da155ca1a5a1aff8_280x280.png]
[leedaegyu.pe.kr/data/file/sns/thumb-124ff4517aaeb5ce12c71ca6b4e78089_n8Cc4oZf_d0b4eac3dfc9ece7a9f490f81f6003aa6adaa44a_280x280.jpg]
[leedaegyu.pe.kr/data/file/sns/thumb-124ff4517aaeb5ce12c71ca6b4e78089_jxyKMBHk_f22fd72755135b5fc227a25a54b7c57e99ffe0a1_280x280.jpg]
[leedaegyu.pe.kr/data/file/sns/thumb-124ff4517aaeb5ce12c71ca6b4e78089_uAmqsNIY_6abb3ea82ba7d982f1ae855671221aad7162d45c_280x280.jpg]
[leedaegyu.pe.kr/data/file/sns/thumb-124ff4517aaeb5ce12c71ca6b4e78089_C7Ja364w_34576c8bd48e5365c30d053e6f02791412f507e3_280x280.png]
[leedaegyu.pe.kr/data/file/sns/thumb-124ff4517aaeb5ce12c71ca6b4e78089_jw1xtQEz_83c53a6d33a525689700faa7b387e402a2a63ad0_280x280.jpg]
[leedaegyu.pe.kr/css/index.css]
[leedaegyu.pe.kr/data/file/sns/thumb-124ff4517aaeb5ce12c71ca6b4e78089_WkfwTDp4_fc1fa22a204d75ae419798c3938d5324dd62b77a_280x280.jpg]
[leedaegyu.pe.kr/data/file/sns/thumb-124ff4517aaeb5ce12c71ca6b4e78089_S8wiblec_e747279de6fc4def256fbad603d9ed463fcfe61c_280x280.jpg]
[leedaegyu.pe.kr/img/sub5-1-district.jpg]
[leedaegyu.pe.kr/img/sub5-1-quality-inno.jpg]
[leedaegyu.pe.kr/img/sub5-1-quality-safe.jpg]
[leedaegyu.pe.kr/img/sub5-1-community1.jpg]
[leedaegyu.pe.kr/bbs/boardd775.html]
[leedaegyu.pe.kr/img/sub5-1-community2.jpg]
[leedaegyu.pe.kr/img/sub5-1-community3.png]
[leedaegyu.pe.kr/js/sub5.js]
[leedaegyu.pe.kr/img/cursor.png]
[leedaegyu.pe.kr/bbs/board6709.html]
[leedaegyu.pe.kr/img/brand-bg1.jpg]
[leedaegyu.pe.kr/img/brand-bg3.jpg]
[leedaegyu.pe.kr/img/brand-bg4.jpg]
[leedaegyu.pe.kr/img/brand-bg2.jpg]
[leedaegyu.pe.kr/img/brand-bg5.jpg]
[leedaegyu.pe.kr/img/franchise-bg.jpg]
[leedaegyu.pe.kr/bbs/board3972.html]
[leedaegyu.pe.kr/data/file/beverage/thumb-124ff4517aaeb5ce12c71ca6b4e78089_q1AcVSij_f11fe24fa562255d9b1de974b6f9fe1b9092faf0_280x305.png]
[leedaegyu.pe.kr/data/file/beverage/thumb-124ff4517aaeb5ce12c71ca6b4e78089_Seo1x3WJ_f089b53243cf5f38295f9d15e1da45f67c08bec4_280x305.png]
[leedaegyu.pe.kr/data/file/beverage/thumb-124ff4517aaeb5ce12c71ca6b4e78089_C0tcPiH8_7e925d8119fd834792aab1bed12ada0b2f004b2d_280x305.jpg]
[leedaegyu.pe.kr/data/file/beverage/thumb-124ff4517aaeb5ce12c71ca6b4e78089_oEhtBKjp_470b1d0f9c13ee809409a73e722761a798a403e0_280x305.jpg]
[leedaegyu.pe.kr/data/file/beverage/thumb-124ff4517aaeb5ce12c71ca6b4e78089_YcmvKQuA_6847c666887bc9445ce0ddbdce5d9912737c78e0_280x305.jpg]
[leedaegyu.pe.kr/data/file/beverage/thumb-124ff4517aaeb5ce12c71ca6b4e78089_4KZid0w7_ba796a513f340bb647d0c08e6564348e782e1671_280x305.jpg]
[leedaegyu.pe.kr/data/file/beverage/thumb-124ff4517aaeb5ce12c71ca6b4e78089_sQjMUoLk_ada31ea3923a85f0cba11e3a5a30b8dc94bd14a0_280x305.png]
[leedaegyu.pe.kr/data/file/beverage/thumb-124ff4517aaeb5ce12c71ca6b4e78089_sVB2fQvT_05835834f292bfec05c46768c50d6ae25401d082_280x305.jpg]
[leedaegyu.pe.kr/bbs/board737b.html]
[leedaegyu.pe.kr/data/file/beverage/thumb-124ff4517aaeb5ce12c71ca6b4e78089_43pmtSWN_451796c06bb3d6bdb9b5f09ce6b94fad596db915_280x305.png]
[leedaegyu.pe.kr/data/file/beverage/thumb-124ff4517aaeb5ce12c71ca6b4e78089_s0Y54XrZ_ba0b559358c9ddd3baa345bea7dfab93c64dcbc7_280x305.jpg]
[leedaegyu.pe.kr/data/file/beverage/thumb-124ff4517aaeb5ce12c71ca6b4e78089_zT5JhAnU_0f0a6d3c1cf28fb4ed9f3519606cb3df8afd1f04_280x305.jpg]
[leedaegyu.pe.kr/data/file/beverage/thumb-124ff4517aaeb5ce12c71ca6b4e78089_ukivqblj_4cda5e97cbb548aab19a58c8c97379ee7cf26515_280x305.jpg]
[leedaegyu.pe.kr/data/file/beverage/thumb-124ff4517aaeb5ce12c71ca6b4e78089_rfsjcTOn_1b5ab92e0f32e4335870be0e1a565a8d438ad68f_280x305.jpg]
[leedaegyu.pe.kr/data/file/beverage/thumb-124ff4517aaeb5ce12c71ca6b4e78089_fMYKrzo0_4d29582b966b383f4c483c8fddd21d1b72f17af7_280x305.jpg]
[leedaegyu.pe.kr/data/file/beverage/thumb-124ff4517aaeb5ce12c71ca6b4e78089_qGPrLgaA_c34a7fc2176a757cf6d9e2da40c6f709a40acf69_280x305.jpg]
[leedaegyu.pe.kr/bbs/boarda2d3.html]
[leedaegyu.pe.kr/data/file/beverage/thumb-124ff4517aaeb5ce12c71ca6b4e78089_xAOiwfHq_0886bd22885bf63d53bab36ac892de2277912f7d_280x305.jpg]
[leedaegyu.pe.kr/data/file/beverage/thumb-124ff4517aaeb5ce12c71ca6b4e78089_F6gPktEa_1ccd817cb35447db9e8ced8624d2a0bc449a01b4_280x305.gif]
[leedaegyu.pe.kr/data/file/beverage/thumb-124ff4517aaeb5ce12c71ca6b4e78089_iVGEOq8Z_0b849f84dc13061c764d41efd45914a9af1dd7d0_280x305.jpg]
[leedaegyu.pe.kr/data/file/beverage/thumb-124ff4517aaeb5ce12c71ca6b4e78089_sJH4ZyWo_8ca8718fd4d668813f570a32cfc59222393aba2a_280x305.jpg]
[leedaegyu.pe.kr/data/file/beverage/thumb-124ff4517aaeb5ce12c71ca6b4e78089_27RJhEgl_dfe6346b9b60e3180e2b7e8d70f9859f79f89256_280x305.jpg]
[leedaegyu.pe.kr/data/file/beverage/thumb-124ff4517aaeb5ce12c71ca6b4e78089_WfnqHNu2_4885c969c67345002383be33614491b3b80d88a9_280x305.jpg]
[leedaegyu.pe.kr/data/file/beverage/thumb-124ff4517aaeb5ce12c71ca6b4e78089_GhPAuloF_a2c7f9dfc4b93046a5ca276289d25708969bc513_280x305.jpg]
[leedaegyu.pe.kr/data/file/beverage/thumb-124ff4517aaeb5ce12c71ca6b4e78089_SROUgEih_54e33dcde07adf6864acee173e9a04fdf9b7593a_280x305.jpg]
[leedaegyu.pe.kr/bbs/boarde74e.html]
[leedaegyu.pe.kr/data/file/food/thumb-124ff4517aaeb5ce12c71ca6b4e78089_TqyNishm_4a8ef4c5dddb7e80b4199001edfd83ee72fa0b48_280x305.png]
[leedaegyu.pe.kr/data/file/food/thumb-124ff4517aaeb5ce12c71ca6b4e78089_1ZW25rTk_1a2afb13c8f5893d4ac9e6f14a3225babbc3e5ff_280x305.png]
[leedaegyu.pe.kr/data/file/food/thumb-124ff4517aaeb5ce12c71ca6b4e78089_kXVWEHvd_a437178bfbab6c48a207f2856b198bb9ceb12754_280x305.png]
[leedaegyu.pe.kr/data/file/food/thumb-124ff4517aaeb5ce12c71ca6b4e78089_Bs59SEAj_aae436b2c158507c7d4a972692630234d1874bc5_280x305.png]
[leedaegyu.pe.kr/data/file/food/thumb-124ff4517aaeb5ce12c71ca6b4e78089_cEhZo3e0_d783d1c7fbcc90935aea3b08aa3f199b8d003823_280x305.png]
[leedaegyu.pe.kr/data/file/food/thumb-124ff4517aaeb5ce12c71ca6b4e78089_7c9pFZDq_1b49d447ff7df391c8af6a7d0e7c7ee91bea0831_280x305.png]
[leedaegyu.pe.kr/data/file/food/thumb-124ff4517aaeb5ce12c71ca6b4e78089_YRku4EoB_1549fa7993ea3008d86fa890a24f74a114d3b274_280x305.png]
[leedaegyu.pe.kr/bbs/board7f9d.html]
[leedaegyu.pe.kr/data/file/food/thumb-124ff4517aaeb5ce12c71ca6b4e78089_hDsCREnt_5de74a77aeb4ad2a791acf7c29a35505c7e62a8f_280x305.png]
[leedaegyu.pe.kr/data/file/food/thumb-124ff4517aaeb5ce12c71ca6b4e78089_mbkFa3tS_cf8d244fdf176da8fefbfb3e9d712cbca35772d5_280x305.png]
[leedaegyu.pe.kr/data/file/food/thumb-124ff4517aaeb5ce12c71ca6b4e78089_IUV6ovHM_9ddba126a465dca5f5f37b9f1fe02c23781accd0_280x305.png]
[leedaegyu.pe.kr/data/file/food/thumb-124ff4517aaeb5ce12c71ca6b4e78089_s7faXE15_70445ee2d6c3b2bbe18dbb586ac3d9ad50e7f1a1_280x305.png]
[leedaegyu.pe.kr/data/file/food/thumb-124ff4517aaeb5ce12c71ca6b4e78089_7WTbJSxm_8ce67a6286c476226b6637a53e9da6bfa9bc7550_280x305.png]
[leedaegyu.pe.kr/bbs/boardd580.html]
[leedaegyu.pe.kr/data/file/food/thumb-124ff4517aaeb5ce12c71ca6b4e78089_SyuNMkcC_bd8b276a4c0b7dfb8a01c9e64e35301e22af259e_280x305.png]
[leedaegyu.pe.kr/data/file/food/thumb-124ff4517aaeb5ce12c71ca6b4e78089_tvroC3Bf_05aa660abd59fc57630d86ac70a6391e448560b6_280x305.png]
[leedaegyu.pe.kr/data/file/food/thumb-124ff4517aaeb5ce12c71ca6b4e78089_2yzoltSc_f5911a4e599ff896104ee7e876804c8adc4a1703_280x305.png]
[leedaegyu.pe.kr/data/file/food/thumb-124ff4517aaeb5ce12c71ca6b4e78089_VpEJGSdK_0a66862f74219889831f708210282f78e1393e27_280x305.png]
[leedaegyu.pe.kr/data/file/food/thumb-124ff4517aaeb5ce12c71ca6b4e78089_PxcmNAbZ_d23e582df98f9ccc239110cb1a5f2849ddba25e7_280x305.png]
[leedaegyu.pe.kr/data/file/food/thumb-124ff4517aaeb5ce12c71ca6b4e78089_eVbTmixQ_dcd79dcd433433716f6348205bc4ee8c32be6f3c_280x305.png]
[leedaegyu.pe.kr/data/file/food/thumb-90_copy_91_124ff4517aaeb5ce12c71ca6b4e78089_gtEMRHbW_89c23b207df245d9ae17434748bfa637522e68a3_280x305.jpg]
[leedaegyu.pe.kr/data/file/food/thumb-124ff4517aaeb5ce12c71ca6b4e78089_gtEMRHbW_89c23b207df245d9ae17434748bfa637522e68a3_280x305.jpg]
[leedaegyu.pe.kr/bbs/boarde206.html]
[leedaegyu.pe.kr/data/file/food/thumb-124ff4517aaeb5ce12c71ca6b4e78089_awf6snoB_d270e2dd7ae1bf9a3dd2bd4c4a6735e6c207eb91_280x305.png]
[leedaegyu.pe.kr/data/file/food/thumb-124ff4517aaeb5ce12c71ca6b4e78089_hjzetyF5_d18fc6ba348db462f02a272bbdcc05fc9a53587c_280x305.png]
[leedaegyu.pe.kr/data/file/food/thumb-124ff4517aaeb5ce12c71ca6b4e78089_oU7RsSLb_baae88f952eca4fa1145813688d2c86ea18f6cf0_280x305.png]
[leedaegyu.pe.kr/data/file/food/thumb-124ff4517aaeb5ce12c71ca6b4e78089_n8FABuMl_d9e9a32b77ab332c1bc4752e939fd605d81cf781_280x305.jpg]
[leedaegyu.pe.kr/js/viewimageresize.js]
[leedaegyu.pe.kr/data/file/event/124ff4517aaeb5ce12c71ca6b4e78089_EDfmR7dx_a783d1b4d28bd0851d0660e229c0d7951bf758c7.png]
[leedaegyu.pe.kr/data/file/event/124ff4517aaeb5ce12c71ca6b4e78089_mx5Gz6HQ_c69b1636142baca7715d23324674fd76f02e8a84.jpg]
[leedaegyu.pe.kr/bbs/boardcb3a.html]
[leedaegyu.pe.kr/data/file/event/124ff4517aaeb5ce12c71ca6b4e78089_dKk5HcxN_b3efad044dbdf3f7e70114ac0506f527b464ae62.png]
[leedaegyu.pe.kr/data/file/event/124ff4517aaeb5ce12c71ca6b4e78089_5ltq4p8M_1d4935374dbdf81fed2261cf228e8cd72659fc37.jpg]
[leedaegyu.pe.kr/data/file/event/124ff4517aaeb5ce12c71ca6b4e78089_LvAysUQP_67b5c8ee3151b8a70ce464e592478d84a84dc93a.png]
[leedaegyu.pe.kr/data/file/event/124ff4517aaeb5ce12c71ca6b4e78089_EGhCIf9w_09ed6c140c8d6d9c777c16f24093c4e967889562.jpg]
[leedaegyu.pe.kr/bbs/board1dea.html]
[leedaegyu.pe.kr/data/file/event/14_copy1_22_124ff4517aaeb5ce12c71ca6b4e78089_1VtcgPMH_88eb8c08790163ae0e4784384f548682963ee2fb.png]
[leedaegyu.pe.kr/data/file/event/14_copy1_22_124ff4517aaeb5ce12c71ca6b4e78089_QrjVyeui_fb2382b4cd25112576efe956a79cb536eefa82a0.jpg]
[leedaegyu.pe.kr/bbs/board656e.html]
[leedaegyu.pe.kr/data/file/event/10_copy2_26_124ff4517aaeb5ce12c71ca6b4e78089_6rmgz3qQ_e81b0f112d1df7db89d9953296af84bc228cad77.png]
[leedaegyu.pe.kr/data/file/event/10_copy2_26_124ff4517aaeb5ce12c71ca6b4e78089_ANO7PvzK_97b231aefe86a48078d2f7b1ad387030085cc1db.png]
[leedaegyu.pe.kr/bbs/boardaa9c.html]
[leedaegyu.pe.kr/data/file/event/9_copy2_25_124ff4517aaeb5ce12c71ca6b4e78089_NsqM0BLH_c7384e1e661b226e9b95662271f9851f8f3ef3f8.png]
[leedaegyu.pe.kr/data/file/event/9_copy2_25_124ff4517aaeb5ce12c71ca6b4e78089_ZBgI0tjL_b673cbc66f425a19f98c7233ebe4cff7bb742e56.png]
[leedaegyu.pe.kr/bbs/board33b9.html]
[leedaegyu.pe.kr/data/file/notice/124ff4517aaeb5ce12c71ca6b4e78089_LFyGO9ND_6982919f9c7514ef0c6cd9632ae1bc54d28ef568.jpg]
[leedaegyu.pe.kr/bbs/boardeacc.html]
[leedaegyu.pe.kr/data/file/notice/124ff4517aaeb5ce12c71ca6b4e78089_IF3mrJqA_44d912d071857e24c2bf94143ba54750469bbadc.png]
[leedaegyu.pe.kr/bbs/boardcc61.html]
[leedaegyu.pe.kr/data/file/notice/124ff4517aaeb5ce12c71ca6b4e78089_6bFfJlcp_9f5ba30f43d0e7ebe3535e396be42897f02aee4f.png]
[leedaegyu.pe.kr/data/file/notice/124ff4517aaeb5ce12c71ca6b4e78089_erNZEhyL_027196a337e71541ebb7050502a23382a2b0eb70.jpg]
[leedaegyu.pe.kr/bbs/board6572.html]
[leedaegyu.pe.kr/sub/policy1.html]
[leedaegyu.pe.kr/sub/policy2.html]
[leedaegyu.pe.kr/sub/policy3.html]
[leedaegyu.pe.kr/img/policy-safety.jpg]
[cdn.jsdelivr.net/gh/orioncactus/pretendard@v1.3.6/packages/pretendard/dist/web/variable/woff2/PretendardVariable.woff2]
[cdn.jsdelivr.net/gh/orioncactus/pretendard@v1.3.6/dist/web/variable/pretendardvariable.css]
[leedaegyu.pe.kr/font/fontello8b72.svg]
[leedaegyu.pe.kr/img/h-logo.svg]
[leedaegyu.pe.kr/js/font-awesome/fonts/fontawesome-webfont3e6e.svg]
[cdn.jsdelivr.net/npm/xeicon@2.3.3/fonts/xeicon75d5.svg]
[leedaegyu.pe.kr/css/sub-default.css]
[leedaegyu.pe.kr/img/sub-visual1.jpg]
[leedaegyu.pe.kr/img/sub1-1-begin-bg.jpg]
[leedaegyu.pe.kr/img/sub1-1-innovate.jpg]
[leedaegyu.pe.kr/img/sub1-1-global-bg.png]
[leedaegyu.pe.kr/img/sub1-2-climate-bg.jpg]
[leedaegyu.pe.kr/img/sub1-2-roast-bg.jpg]
[leedaegyu.pe.kr/img/sub1-3-bg-small.png]
[leedaegyu.pe.kr/img/sub1-3-overview-1.jpg]
[leedaegyu.pe.kr/img/sub1-3-overview-2.jpg]
[leedaegyu.pe.kr/img/sub1-3-overview-3.jpg]
[leedaegyu.pe.kr/img/sub1-3-overview-4.jpg]
[leedaegyu.pe.kr/img/sub1-3-overview-5.jpg]
[leedaegyu.pe.kr/img/sub1-3-bg.jpg]
[leedaegyu.pe.kr/css/sub1.css]
[leedaegyu.pe.kr/data/file/store/4ef40fba3f0f0f128eef90fa7104bbf8_VqogSIlO_3b52420a50800961a26fba251ae8f5ab80045c51.jpg]
[leedaegyu.pe.kr/bbs/boardbb6f.html]
[dapi.kakao.com/v2/maps/sdkcec5.json]
[leedaegyu.pe.kr/data/file/store/4ef40fba3f0f0f128eef90fa7104bbf8_eTl3qZP6_fbe6779b834189cdced3930b658727a44f0281b5.jpg]
[leedaegyu.pe.kr/bbs/boardcf53.html]
[leedaegyu.pe.kr/data/file/store/4ef40fba3f0f0f128eef90fa7104bbf8_IGk8KXA9_6a7abc6563c35c34bde38ab91b8f25839bd93b1e.jpg]
[leedaegyu.pe.kr/bbs/boardd442.html]
[leedaegyu.pe.kr/data/file/store/4ef40fba3f0f0f128eef90fa7104bbf8_ZWpTqhr6_6a9ea9ebe3c97c3868263429cd022146f68fd615.jpg]
[leedaegyu.pe.kr/bbs/boarde69d.html]
[leedaegyu.pe.kr/data/file/store/4ef40fba3f0f0f128eef90fa7104bbf8_I6Pj2pAV_90c2ddf28947b3cfac80e49817f1bce0fcb9b5a4.jpg]
[leedaegyu.pe.kr/bbs/boardd0ed.html]
[leedaegyu.pe.kr/skin/board/menu/img/chk.png]
[leedaegyu.pe.kr/skin/board/menu/styleaa39.css]
[leedaegyu.pe.kr/img/sub-visual2.jpg]
[leedaegyu.pe.kr/css/sub2.css]
[leedaegyu.pe.kr/data/file/coffee/thumb-4ef40fba3f0f0f128eef90fa7104bbf8_Kzi6EyWk_1b63dd6ff53e52caac5d7e9ebaf96e41c353f85a_280x305.jpg]
[leedaegyu.pe.kr/data/file/coffee/thumb-4ef40fba3f0f0f128eef90fa7104bbf8_Umw9JbIW_0f7e0fa08ea9c1ec83a8a94debfcdc60967cdce2_280x305.jpg]
[leedaegyu.pe.kr/data/file/coffee/thumb-35_copy_38_4ef40fba3f0f0f128eef90fa7104bbf8_xviFarZ8_e75cb6e468ef2df13d6bf2cc624f0dbf84986def_280x305.jpg]
[leedaegyu.pe.kr/bbs/board98c1.html]
[leedaegyu.pe.kr/data/file/coffee/thumb-124ff4517aaeb5ce12c71ca6b4e78089_GKbRfwsS_50009c3fca65fe1e54ff2081750e5fa0eb26fabb_280x305.jpg]
[leedaegyu.pe.kr/data/file/coffee/thumb-124ff4517aaeb5ce12c71ca6b4e78089_RblVj39Q_dc10ff3cb2d0f4812484728bcce726bce06e0836_280x305.jpg]
[leedaegyu.pe.kr/data/file/coffee/thumb-124ff4517aaeb5ce12c71ca6b4e78089_Mb97DGoY_3118f46a2625749c406088685d351fe5e5960a6b_280x305.jpg]
[leedaegyu.pe.kr/data/file/coffee/thumb-124ff4517aaeb5ce12c71ca6b4e78089_zlcHrVtu_21cd535c2c8ad6af59eec23ea8f1c775f861cda1_280x305.jpg]
[leedaegyu.pe.kr/data/file/coffee/thumb-124ff4517aaeb5ce12c71ca6b4e78089_8qPZOiKf_5d2ce8f03ebddcf4df8b3e193fd8f4568acbcc2f_280x305.png]
[leedaegyu.pe.kr/data/file/coffee/thumb-124ff4517aaeb5ce12c71ca6b4e78089_3dBpITgY_acbb9c85a2b5e8256236d798e8cad3a450e28b61_280x305.jpg]
[leedaegyu.pe.kr/data/file/coffee/thumb-124ff4517aaeb5ce12c71ca6b4e78089_O9kuMYIo_0246e14d806b42b333f8fb3df8d70eb93d0e2007_280x305.jpg]
[leedaegyu.pe.kr/bbs/boarda801.html]
[leedaegyu.pe.kr/data/file/coffee/thumb-124ff4517aaeb5ce12c71ca6b4e78089_fnN6g3e5_51485043116d287e45b7f5b49ffbf02653903987_280x305.jpg]
[leedaegyu.pe.kr/bbs/boardef7b.html]
[leedaegyu.pe.kr/data/file/coffee/thumb-124ff4517aaeb5ce12c71ca6b4e78089_KBc9IMjR_a5164a29378da75a1259c7a4c3c1b2100b0ef160_280x305.jpg]
[leedaegyu.pe.kr/bbs/board1118.html]
[leedaegyu.pe.kr/data/file/beverage/thumb-124ff4517aaeb5ce12c71ca6b4e78089_5Hoj6Gph_e48938bb4b49f70339181f86c386390ab28c34b2_280x305.jpg]
[leedaegyu.pe.kr/bbs/board4ce4.html]
[leedaegyu.pe.kr/bbs/board3d58.html]
[leedaegyu.pe.kr/data/file/beverage/thumb-124ff4517aaeb5ce12c71ca6b4e78089_t63dUw2i_3a36db4ae3726a8a4f8af98b5b5e61d462e621b4_280x305.jpg]
[leedaegyu.pe.kr/data/file/beverage/thumb-124ff4517aaeb5ce12c71ca6b4e78089_PbgKjA0E_1cb2134aa032d00cfdc8f6c48409a44690b4e10e_280x305.jpg]
[leedaegyu.pe.kr/data/file/beverage/thumb-124ff4517aaeb5ce12c71ca6b4e78089_aJt7pX0b_07880e6b896415ebf76fd7df63cab06335f7917e_280x305.jpg]
[leedaegyu.pe.kr/data/file/beverage/thumb-124ff4517aaeb5ce12c71ca6b4e78089_2pQADF5x_e3bbef7376498c996133220bcc21589497420f46_280x305.jpg]
[leedaegyu.pe.kr/bbs/boardb649.html]
[leedaegyu.pe.kr/data/file/food/thumb-124ff4517aaeb5ce12c71ca6b4e78089_9svFhSVD_4c7e57623d8c1421ca4578e895e4d14da953eeff_280x305.png]
[leedaegyu.pe.kr/data/file/food/thumb-124ff4517aaeb5ce12c71ca6b4e78089_cjIQht31_adb2c3ddc8bc754e9f3a43f2d4fbc39f2d885545_280x305.jpg]
[leedaegyu.pe.kr/data/file/food/thumb-124ff4517aaeb5ce12c71ca6b4e78089_AnyXaIvJ_a2185ac3db6a7ad4dab70b117a8932d529015999_280x305.jpg]
[leedaegyu.pe.kr/data/file/food/thumb-124ff4517aaeb5ce12c71ca6b4e78089_obQvThXL_537009df1678e69f088cdff632680c3b78b6bd9b_280x305.jpg]
[leedaegyu.pe.kr/data/file/food/thumb-118_copy_119_124ff4517aaeb5ce12c71ca6b4e78089_nbezhD9H_d992c0cdd5aa1fdb0c6c219d3b4906b48e61277e_280x305.jpg]
[leedaegyu.pe.kr/data/file/food/thumb-124ff4517aaeb5ce12c71ca6b4e78089_opIxMTy5_5fda3da12290f9efa7497263cc546cdb9d0f10be_280x305.jpg]
[leedaegyu.pe.kr/data/file/food/thumb-124ff4517aaeb5ce12c71ca6b4e78089_GpvS7tnA_99b439bc19bf8ce541a3903fcec1fc9ad90ca193_280x305.png]
[leedaegyu.pe.kr/data/file/food/thumb-124ff4517aaeb5ce12c71ca6b4e78089_EVT69Xvh_3bfb3dc6ba5ab1b00bad034f2c8ef385a1703c4b_280x305.jpg]
[leedaegyu.pe.kr/data/file/food/thumb-124ff4517aaeb5ce12c71ca6b4e78089_albEBdXv_4a6ff358c033370b6a468e0f08eff3d709c226db_280x305.png]
[leedaegyu.pe.kr/data/file/food/thumb-124ff4517aaeb5ce12c71ca6b4e78089_HwVPdhkG_fcdd1db7630d4e1e61185eeebd31edcf80c78cc8_280x305.jpg]
[leedaegyu.pe.kr/data/file/food/thumb-124ff4517aaeb5ce12c71ca6b4e78089_R7WBGqan_de256c02ce6c207df3c6998d65d5ba33e898ef4d_280x305.png]
[leedaegyu.pe.kr/data/file/food/thumb-124ff4517aaeb5ce12c71ca6b4e78089_RKdzGrmH_c12e04007d700132fbdeec41c71006766cc06197_280x305.png]
[leedaegyu.pe.kr/bbs/board19ac.html]
[leedaegyu.pe.kr/data/file/food/thumb-124ff4517aaeb5ce12c71ca6b4e78089_NFnMX1k0_cae93ef89c3ab54ec9e67da5d4346235b7ace5fd_280x305.jpg]
[leedaegyu.pe.kr/data/file/food/thumb-124ff4517aaeb5ce12c71ca6b4e78089_JDyQBrVP_19d05227963e09298dfdf3d11d67969e4e8b570a_280x305.jpg]
[leedaegyu.pe.kr/data/file/food/thumb-131_copy_132_124ff4517aaeb5ce12c71ca6b4e78089_CyRBtahl_9a8da42c3ce75c75d1cbbff517d745c7f29a5c8c_280x305.jpg]
[leedaegyu.pe.kr/data/file/food/thumb-124ff4517aaeb5ce12c71ca6b4e78089_eLOXrJm8_58b6a240f9cf137b9d98fb8af23095fd4fc0d81d_280x305.jpg]
[leedaegyu.pe.kr/data/file/food/thumb-124ff4517aaeb5ce12c71ca6b4e78089_eUMQW6xO_d762d41c9b21d8b64813e7523430aeedd335ba63_280x305.jpg]
[leedaegyu.pe.kr/data/file/food/thumb-124ff4517aaeb5ce12c71ca6b4e78089_UYEXfCtc_2fb34576601cace5f142231d5935c67bdf8cc20a_280x305.jpg]
[leedaegyu.pe.kr/data/file/food/thumb-124ff4517aaeb5ce12c71ca6b4e78089_uz8TMw3Q_db700f6f84541d71d816f5242112227b70da48b4_280x305.jpg]
[leedaegyu.pe.kr/data/file/food/thumb-124ff4517aaeb5ce12c71ca6b4e78089_ybHlrofx_bf4149c5622b75212d5f5544d05c08e9b0b5268c_280x305.jpg]
[leedaegyu.pe.kr/data/file/food/thumb-124ff4517aaeb5ce12c71ca6b4e78089_5rzFCwsD_d2b9c757622efc787ab82d0a9890e94daf613024_280x305.png]
[leedaegyu.pe.kr/data/file/food/thumb-124ff4517aaeb5ce12c71ca6b4e78089_b2VGSarM_14236f6b13311c13104141cf94fa66aa3c8594e0_280x305.png]
[leedaegyu.pe.kr/data/file/food/thumb-124ff4517aaeb5ce12c71ca6b4e78089_7XYhRMKp_759c2564db0839ad32694d63d6b3c627fffa9057_280x305.png]
[leedaegyu.pe.kr/bbs/boarddebc.html]
[leedaegyu.pe.kr/data/file/food/thumb-65_copy_149_124ff4517aaeb5ce12c71ca6b4e78089_uSGL0eNv_22a4c004e972a6973ac1a24106f2e7233e2bd219_280x305.jpg]
[leedaegyu.pe.kr/data/file/food/thumb-64_copy_148_124ff4517aaeb5ce12c71ca6b4e78089_QMLy8gFZ_ac2fae5e744c4d654cd3688e0a3bcea7ea268c8a_280x305.jpg]
[leedaegyu.pe.kr/data/file/food/thumb-63_copy_147_124ff4517aaeb5ce12c71ca6b4e78089_NLKW1pa0_8ee43927f8794e24e6e84b95e88da66db593346e_280x305.jpg]
[leedaegyu.pe.kr/data/file/food/thumb-62_copy_146_124ff4517aaeb5ce12c71ca6b4e78089_eHJCTVs2_4b2465d2f2ced13b7b866e6788a737691fb44d52_280x305.jpg]
[leedaegyu.pe.kr/data/file/food/thumb-61_copy_145_124ff4517aaeb5ce12c71ca6b4e78089_T4eEQNFr_01e11eba3920daa9b68719e3dc81b165e009aefc_280x305.jpg]
[leedaegyu.pe.kr/data/file/food/thumb-60_copy_144_124ff4517aaeb5ce12c71ca6b4e78089_sAXJKjql_0e76f558ce5a3a0317a48a00948a4897a76f1006_280x305.jpg]
[leedaegyu.pe.kr/data/file/food/thumb-59_copy_143_124ff4517aaeb5ce12c71ca6b4e78089_041zC92Q_1171ddac7cc327a4c46f0d04f0c67c24b14f84f5_280x305.jpg]
[leedaegyu.pe.kr/data/file/food/thumb-58_copy_142_124ff4517aaeb5ce12c71ca6b4e78089_iunamMI7_e20de0bb994756eee809c6dc1723d5ce3ea5f6a4_280x305.jpg]
[leedaegyu.pe.kr/data/file/food/thumb-57_copy_141_124ff4517aaeb5ce12c71ca6b4e78089_Jnrdu45e_44a7d34d774fb09c3ef815f76d5364f8dbc48465_280x305.jpg]
[leedaegyu.pe.kr/data/file/food/thumb-56_copy_140_124ff4517aaeb5ce12c71ca6b4e78089_Gl1kErZ9_61b3ab2cde61dabf06631518df96a8fd0304a8e7_280x305.jpg]
[leedaegyu.pe.kr/data/file/food/thumb-55_copy_139_124ff4517aaeb5ce12c71ca6b4e78089_Se2pDoql_9a83893c1dbf6f93a8b2507cbe2ba6f9ccc0bdab_280x305.jpg]
[leedaegyu.pe.kr/data/file/food/thumb-54_copy_138_124ff4517aaeb5ce12c71ca6b4e78089_KgRqi01v_028ff8e590fc9ab54455b32d537609c2b2431c0f_280x305.jpg]
[leedaegyu.pe.kr/bbs/board7b66.html]
[leedaegyu.pe.kr/data/file/food/thumb-53_copy_137_124ff4517aaeb5ce12c71ca6b4e78089_5xjCw8ug_1fe12a1b061d7a1135a6ba63502ed4630b4d325e_280x305.jpg]
[leedaegyu.pe.kr/data/file/food/thumb-52_copy_136_124ff4517aaeb5ce12c71ca6b4e78089_HTUPmgq4_fe955f81863d7d61179ab81c12cafcba63996dc5_280x305.jpg]
[leedaegyu.pe.kr/data/file/food/thumb-51_copy_135_124ff4517aaeb5ce12c71ca6b4e78089_1LIJF5C3_6e9aae684fbe4c120364ccdffde74d853b2c6f0e_280x305.jpg]
[leedaegyu.pe.kr/bbs/board42ac.html]
[leedaegyu.pe.kr/bbs/boardc57e.html]
[leedaegyu.pe.kr/data/file/food/thumb-124ff4517aaeb5ce12c71ca6b4e78089_EsNupk2Y_622cd5e766c25733953681c3d2c71ea277963b8c_280x305.jpg]
[leedaegyu.pe.kr/data/file/food/thumb-124ff4517aaeb5ce12c71ca6b4e78089_8LohP3Uk_116e1d649296b3161ba68aec608ca29ae9a3bd92_280x305.jpg]
[leedaegyu.pe.kr/data/file/food/thumb-124ff4517aaeb5ce12c71ca6b4e78089_nOoQiVaw_dbdceb3b4213f160809cd74d1596713886220458_280x305.jpg]
[leedaegyu.pe.kr/data/file/food/thumb-124ff4517aaeb5ce12c71ca6b4e78089_dkZgmMPW_a30b7c602f3bc2e118600f2a54fe3934a8492cf9_280x305.png]
[leedaegyu.pe.kr/data/file/food/thumb-124ff4517aaeb5ce12c71ca6b4e78089_bCrzLUIE_8a1f06756242f6e9e6e3520a2fb1d11f5c7143b6_280x305.jpg]
[leedaegyu.pe.kr/data/file/food/thumb-124ff4517aaeb5ce12c71ca6b4e78089_S1zZFtD3_07af735c2f67f95171812b6985dee4d5d968ba75_280x305.jpg]
[leedaegyu.pe.kr/data/file/food/thumb-124ff4517aaeb5ce12c71ca6b4e78089_I04jV3JD_24b6344c8acb1194d1a37986014d164f568e30d5_280x305.png]
[leedaegyu.pe.kr/data/file/food/thumb-124ff4517aaeb5ce12c71ca6b4e78089_JlqtznR6_6a23bc8440b8439080b223722837b51d918e5581_280x305.png]
[leedaegyu.pe.kr/data/file/food/thumb-124ff4517aaeb5ce12c71ca6b4e78089_hjqiTPmn_784d7294a76d0d2de66726db64573ac75d8de79f_280x305.jpg]
[leedaegyu.pe.kr/bbs/board7047.html]
[leedaegyu.pe.kr/data/file/food/thumb-124ff4517aaeb5ce12c71ca6b4e78089_S8WEfgI1_205b565028353e5764cfb0b1dbeb6c78a6c46020_280x305.jpg]
[leedaegyu.pe.kr/data/file/food/thumb-124ff4517aaeb5ce12c71ca6b4e78089_UFmpjqDC_2e78f62080cef949cb2c28815f313327a4a3f410_280x305.jpg]
[leedaegyu.pe.kr/data/file/food/thumb-124ff4517aaeb5ce12c71ca6b4e78089_CWGFIPoR_0997baacd2a6b5b55d8f312f95b4de0968b8c9f3_280x305.jpg]
[leedaegyu.pe.kr/bbs/board803c.html]
[leedaegyu.pe.kr/data/file/food/thumb-124ff4517aaeb5ce12c71ca6b4e78089_9rDfEvsk_fbf9f50e39af6483a989dd83d1df1bc046179a85_280x305.jpg]
[leedaegyu.pe.kr/data/file/food/thumb-124ff4517aaeb5ce12c71ca6b4e78089_bUwpcSiT_3804a0c3564574aa31c2635d1a3e91d3350b2fd2_280x305.jpg]
[leedaegyu.pe.kr/data/file/food/thumb-124ff4517aaeb5ce12c71ca6b4e78089_oRnpxEQC_723204c52c12758626e4e81fe0f8cebff8ba39df_280x305.jpg]
[leedaegyu.pe.kr/data/file/food/thumb-124ff4517aaeb5ce12c71ca6b4e78089_3DGvB8Rd_b8b58a2e4c6e6636fa06ac5c20a271722134005f_280x305.jpg]
[leedaegyu.pe.kr/data/file/food/thumb-124ff4517aaeb5ce12c71ca6b4e78089_Ur4KRPkX_ddc15e1d730036d56296d294c67aa44cc6c12a14_280x305.jpg]
[leedaegyu.pe.kr/data/file/food/thumb-124ff4517aaeb5ce12c71ca6b4e78089_Y87nAH1b_6512aae17991d9184c54dd5c4380861e80666eb9_280x305.jpg]
[leedaegyu.pe.kr/data/file/food/thumb-124ff4517aaeb5ce12c71ca6b4e78089_O9lRvDjW_04a8d7771cbbedc666756bda93b7101533ebfbd5_280x305.jpg]
[leedaegyu.pe.kr/data/file/food/thumb-124ff4517aaeb5ce12c71ca6b4e78089_HBzgmW2w_c64d1aa078ba5eba63fb4354d7f184808b6cced6_280x305.jpg]
[leedaegyu.pe.kr/data/file/food/thumb-124ff4517aaeb5ce12c71ca6b4e78089_1XDL8xAt_a67f9c82c71193481c1b721bf0e846f3a5abc0d9_280x305.jpg]
[leedaegyu.pe.kr/bbs/board1797.html]
[leedaegyu.pe.kr/data/file/food/thumb-124ff4517aaeb5ce12c71ca6b4e78089_zGSwpH09_f707daa3f6fa5bdab2e8a60723c7355f18d8c57d_280x305.png]
[leedaegyu.pe.kr/bbs/boardb5d7.html]
[leedaegyu.pe.kr/data/file/food/thumb-124ff4517aaeb5ce12c71ca6b4e78089_v5ATbrtO_5ee7797ab96dcfaa17cd4e33352f0ee2c7d25376_280x305.png]
[leedaegyu.pe.kr/bbs/board9071.html]
[leedaegyu.pe.kr/skin/board/menu-product/img/chk.png]
[leedaegyu.pe.kr/skin/board/menu-product/styleaa39.css]
[leedaegyu.pe.kr/data/file/product/thumb-36_copy_49_124ff4517aaeb5ce12c71ca6b4e78089_FgnsqR1t_cb467f100e57eba56ba26ffe4ebb7550a3c52d0a_280x305.jpg]
[leedaegyu.pe.kr/data/file/product/thumb-35_copy_48_124ff4517aaeb5ce12c71ca6b4e78089_sjUy3HY6_34536b33caad0af4028c5a73ca557eef37fa82c4_280x305.jpg]
[leedaegyu.pe.kr/data/file/product/thumb-124ff4517aaeb5ce12c71ca6b4e78089_p6YIRbhe_dfbc7acc52069d0a0f015ab9829ad99024ca69f3_280x305.jpg]
[leedaegyu.pe.kr/data/file/product/thumb-124ff4517aaeb5ce12c71ca6b4e78089_b6ZACEKU_d808304410a889bf6218b158006cca3d82595cea_280x305.gif]
[leedaegyu.pe.kr/data/file/product/thumb-4ef40fba3f0f0f128eef90fa7104bbf8_pDIevE1i_c50385b2473d94cacaf56820b938774e6bbb7180_280x305.jpg]
[leedaegyu.pe.kr/data/file/product/thumb-124ff4517aaeb5ce12c71ca6b4e78089_XuDLPrIa_921ab7b3b17d28e696f6652ca1fd1862e740b837_280x305.jpg]
[leedaegyu.pe.kr/data/file/product/thumb-4ef40fba3f0f0f128eef90fa7104bbf8_Nvw7YT48_90438e4897a0dcbebe12a0a594714936387a0b3d_280x305.jpg]
[leedaegyu.pe.kr/data/file/product/thumb-124ff4517aaeb5ce12c71ca6b4e78089_vzneIJsu_24b47b522d959b5867d073007b87e295aaa1e888_280x305.jpg]
[leedaegyu.pe.kr/data/file/product/thumb-124ff4517aaeb5ce12c71ca6b4e78089_COeUvk8r_e521689df68daf268dc55014b6a35bd8d96017b9_280x305.jpg]
[leedaegyu.pe.kr/data/file/product/thumb-124ff4517aaeb5ce12c71ca6b4e78089_rUZY8RQy_f4e67ad1e78ce010e45f56c9610ad69bd6ae4390_280x305.jpg]
[leedaegyu.pe.kr/data/file/product/thumb-124ff4517aaeb5ce12c71ca6b4e78089_wI7V5PO6_60b80f5e58cf8497244773d7fcee0e56eec599d5_280x305.jpg]
[leedaegyu.pe.kr/data/file/product/thumb-124ff4517aaeb5ce12c71ca6b4e78089_cQaIklGo_6e320259177839c7ac39a69e3b3fc3883fa7dcba_280x305.jpg]
[leedaegyu.pe.kr/bbs/board8dd5.html]
[leedaegyu.pe.kr/data/file/product/thumb-4ef40fba3f0f0f128eef90fa7104bbf8_vW2OKfH8_15eb3504e8a151ca0cbd8e9c6ce5b178042ddd7e_280x305.jpg]
[leedaegyu.pe.kr/bbs/boardedf9.html]
[leedaegyu.pe.kr/data/file/product/thumb-124ff4517aaeb5ce12c71ca6b4e78089_O9srL3yW_d91e574d884a6ec8517d793c73353653e779ccbc_280x305.png]
[leedaegyu.pe.kr/data/file/product/thumb-124ff4517aaeb5ce12c71ca6b4e78089_kg3wVXyr_051f4bc923d6a55a5563f742911fbae6a559a196_280x305.png]
[leedaegyu.pe.kr/data/file/product/thumb-124ff4517aaeb5ce12c71ca6b4e78089_jJZyMnEO_5dac123f6de573d25bb5069daf0bc068b9e7772c_280x305.jpg]
[leedaegyu.pe.kr/data/file/product/thumb-4ef40fba3f0f0f128eef90fa7104bbf8_4cKbFovy_2ceae926dab9a3e438a47bef66c8b6957b495c09_280x305.jpg]
[leedaegyu.pe.kr/data/file/product/thumb-4ef40fba3f0f0f128eef90fa7104bbf8_Pz1lY7tu_abea155c5bc6d8be1fa1a9e6b3a3619e04e8ed3e_280x305.jpg]
[leedaegyu.pe.kr/data/file/product/thumb-4ef40fba3f0f0f128eef90fa7104bbf8_0s1OGbwI_37e1d9460d632b4496f4d71c5cf41a9b1023b103_280x305.jpg]
[leedaegyu.pe.kr/data/file/product/thumb-4ef40fba3f0f0f128eef90fa7104bbf8_UCEhXSNF_0777c1ed2ef7bbf7cda6bbe062ee0b7ba79ec6c5_280x305.jpg]
[leedaegyu.pe.kr/data/file/product/thumb-4ef40fba3f0f0f128eef90fa7104bbf8_8ErjhP6J_f942dc9a4cf66a315b800d3e1cc9137f17e4a47e_280x305.jpg]
[leedaegyu.pe.kr/data/file/product/thumb-4ef40fba3f0f0f128eef90fa7104bbf8_RAjKxvyE_e5b3dfcaf1cd3252c15da921643c41f817d8bec9_280x305.jpg]
[leedaegyu.pe.kr/data/file/product/thumb-4ef40fba3f0f0f128eef90fa7104bbf8_1ZkDhp0O_9678acc525b8f213229ef7e13cd7169e1c1f436f_280x305.jpg]
[leedaegyu.pe.kr/data/file/product/thumb-4ef40fba3f0f0f128eef90fa7104bbf8_ayDpZMkS_405eed3e016dc32e43b5bebd6d196ea20a7aaa72_280x305.jpg]
[leedaegyu.pe.kr/data/file/product/thumb-4ef40fba3f0f0f128eef90fa7104bbf8_O30FNBbC_0bbd229c21d4bafbfd79163c862310f4c3f35372_280x305.jpg]
[leedaegyu.pe.kr/bbs/board1dc2.html]
[leedaegyu.pe.kr/data/file/product/thumb-124ff4517aaeb5ce12c71ca6b4e78089_bWEhavX0_4cfcea7c43a40a90ed42fb0680e255b2022aacf0_280x305.jpg]
[leedaegyu.pe.kr/data/file/product/thumb-4ef40fba3f0f0f128eef90fa7104bbf8_oILbCWaH_d200aa67baf08806f6201143c4fb2715e03f98ad_280x305.jpg]
[leedaegyu.pe.kr/data/file/product/thumb-124ff4517aaeb5ce12c71ca6b4e78089_tOK6Wnja_38282a59866656601e5cde33f454d045d673834d_280x305.jpg]
[leedaegyu.pe.kr/data/file/product/thumb-4ef40fba3f0f0f128eef90fa7104bbf8_cN340KGD_28b899f81a7462a372582169314d92864b11575c_280x305.jpg]
[leedaegyu.pe.kr/data/file/product/thumb-124ff4517aaeb5ce12c71ca6b4e78089_RjmlbBtD_88d332463ba188f92fdcdd407741c41df31256de_280x305.jpg]
[leedaegyu.pe.kr/data/file/product/thumb-124ff4517aaeb5ce12c71ca6b4e78089_bm2yCAF4_060b3f93acddc91bc67969928b07641f8263a41a_280x305.jpg]
[leedaegyu.pe.kr/data/file/product/thumb-124ff4517aaeb5ce12c71ca6b4e78089_cRFNmrnZ_ae03a3fef89bc8373284d370a24d9a996d48ca18_280x305.jpg]
[leedaegyu.pe.kr/bbs/board70b0.html]
[leedaegyu.pe.kr/data/file/product/thumb-124ff4517aaeb5ce12c71ca6b4e78089_dytcPW3E_761e36b5ba3e1f0a20ed291238ede9565fa33c65_280x305.jpg]
[leedaegyu.pe.kr/data/file/product/thumb-124ff4517aaeb5ce12c71ca6b4e78089_0AX9LaqM_b50115ad1f340b28640fea2af12385032a7ac5a5_280x305.jpg]
[leedaegyu.pe.kr/data/file/product/thumb-124ff4517aaeb5ce12c71ca6b4e78089_SHAcKEeL_55398ab23a36e848a1705eb04cfa604319c9903f_280x305.jpg]
[leedaegyu.pe.kr/data/file/product/thumb-124ff4517aaeb5ce12c71ca6b4e78089_QEr6YVKi_4cd31eb73d486e38a91880251925fa561ba40741_280x305.jpg]
[leedaegyu.pe.kr/bbs/board5639.html]
[leedaegyu.pe.kr/data/file/product/thumb-124ff4517aaeb5ce12c71ca6b4e78089_CeLfsTdw_ac4762e1bc9518e6912ce2a54b07fbb33a2254ef_280x305.jpg]
[leedaegyu.pe.kr/bbs/board84e3.html]
[leedaegyu.pe.kr/data/file/product/thumb-4ef40fba3f0f0f128eef90fa7104bbf8_v7qzeE4o_6081334210c496974b9918ee0519706a2306342a_280x305.jpg]
[leedaegyu.pe.kr/data/file/product/thumb-4ef40fba3f0f0f128eef90fa7104bbf8_jVBkfhXy_f3f8b83f1dd45b8f18fbbd347af382dcb220fa03_280x305.jpg]
[leedaegyu.pe.kr/data/file/product/thumb-124ff4517aaeb5ce12c71ca6b4e78089_14dHBvnN_1179cb199798b50e063ba351f9d0f26f2c40ac56_280x305.jpg]
[leedaegyu.pe.kr/data/file/product/thumb-124ff4517aaeb5ce12c71ca6b4e78089_i32kU9IW_c1c7a419e05ec9b3f91e26e6e504b53c1a2ca24c_280x305.jpg]
[leedaegyu.pe.kr/bbs/board0521.html]
[leedaegyu.pe.kr/bbs/boardc513.html]
[leedaegyu.pe.kr/data/file/product/thumb-124ff4517aaeb5ce12c71ca6b4e78089_5HXzJfTp_899317bd4e5b4dc6e5e588bf915acbb5c08e33db_280x305.jpg]
[leedaegyu.pe.kr/bbs/board2aa0.html]
[leedaegyu.pe.kr/skin/board/branches_on/styleaa39.css]
[leedaegyu.pe.kr/img/sub-visual3.jpg]
[leedaegyu.pe.kr/css/sub3.css]
[leedaegyu.pe.kr/bbs/board364e.html]
[leedaegyu.pe.kr/bbs/board873c.html]
[leedaegyu.pe.kr/bbs/boardcf96.html]
[leedaegyu.pe.kr/bbs/board8078.html]
[leedaegyu.pe.kr/bbs/board8edb.html]
[leedaegyu.pe.kr/bbs/board8aa2.html]
[leedaegyu.pe.kr/bbs/boardb0fb.html]
[leedaegyu.pe.kr/bbs/board0bc2.html]
[leedaegyu.pe.kr/bbs/board26ec.html]
[leedaegyu.pe.kr/bbs/boardef0f.html]
[leedaegyu.pe.kr/bbs/boardfabc.html]
[leedaegyu.pe.kr/bbs/board71f7.html]
[leedaegyu.pe.kr/bbs/boardc756.html]
[leedaegyu.pe.kr/bbs/boardeb02.html]
[leedaegyu.pe.kr/bbs/boardb77d.html]
[leedaegyu.pe.kr/bbs/boardb045.html]
[leedaegyu.pe.kr/bbs/boardb5f7.html]
[leedaegyu.pe.kr/data/file/store/4ef40fba3f0f0f128eef90fa7104bbf8_KBNzLkD4_92e73b547a3d45aa1eef3be6c9e2eee088f35b18.png]
[leedaegyu.pe.kr/bbs/boardc24f.html]
[leedaegyu.pe.kr/data/file/store/4ef40fba3f0f0f128eef90fa7104bbf8_n5op8XEW_4c84c4b6a0437f8a1df5ef509d8dba8088f1f36f.jpg]
[leedaegyu.pe.kr/bbs/boardc7c1.html]
[leedaegyu.pe.kr/data/file/store/4ef40fba3f0f0f128eef90fa7104bbf8_SgawNeph_12930f47f72cf8af288787d205d4b9067d9a2b78.jpg]
[leedaegyu.pe.kr/bbs/board1af7.html]
[leedaegyu.pe.kr/data/file/store/4ef40fba3f0f0f128eef90fa7104bbf8_bmfacHW9_e3b838dab5d5b9ea3a11069f24bc9dc5acfe53ca.jpg]
[leedaegyu.pe.kr/bbs/board6422.html]
[leedaegyu.pe.kr/data/file/store/4ef40fba3f0f0f128eef90fa7104bbf8_gnM67qPK_ae8ecf7070720f22d7f2e1bf1f0bf7ab199bef5e.jpg]
[leedaegyu.pe.kr/bbs/boardd5c1.html]
[leedaegyu.pe.kr/data/file/store/4ef40fba3f0f0f128eef90fa7104bbf8_G0nFJscy_72a6e31fb3e777b0b391c1a1abc4c272f9617d2d.jpg]
[leedaegyu.pe.kr/bbs/board435d.html]
[leedaegyu.pe.kr/data/file/store/4ef40fba3f0f0f128eef90fa7104bbf8_gDHW9mXa_f62dbe25f4353dd16df2bd63e43f85fc5ce9c9ea.jpg]
[leedaegyu.pe.kr/bbs/board9387.html]
[leedaegyu.pe.kr/data/file/store/4ef40fba3f0f0f128eef90fa7104bbf8_GIcMdpZq_89a7bc91040d39ce4cbc4712741e3ecfe5f574fb.jpg]
[leedaegyu.pe.kr/bbs/boardcdc7.html]
[leedaegyu.pe.kr/data/file/store/4ef40fba3f0f0f128eef90fa7104bbf8_42wsHv1Y_a60cc6e21e0c308f85086919e4a2d176dfb970ec.jpg]
[leedaegyu.pe.kr/bbs/boardf6f6.html]
[leedaegyu.pe.kr/data/file/store/4ef40fba3f0f0f128eef90fa7104bbf8_HhGJ0XVj_3667b3c77ee2f196794e67e003f3175db1033ae4.jpg]
[leedaegyu.pe.kr/bbs/board4168.html]
[leedaegyu.pe.kr/data/file/store/4ef40fba3f0f0f128eef90fa7104bbf8_b5EL0eNo_ff25fae2292e8911339c5211dbf89e40c8818780.jpg]
[leedaegyu.pe.kr/bbs/board9613.html]
[leedaegyu.pe.kr/data/file/store/4ef40fba3f0f0f128eef90fa7104bbf8_gLzXluQd_30db0ca8ecd570db10e29fd43175b50cd3d16f10.jpg]
[leedaegyu.pe.kr/bbs/boardab82.html]
[leedaegyu.pe.kr/data/file/store/4ef40fba3f0f0f128eef90fa7104bbf8_RMPzsZvw_237699c34d75dee3ddb789e3bb17486b33757dad.jpg]
[leedaegyu.pe.kr/bbs/board6a5f.html]
[leedaegyu.pe.kr/bbs/boardbfca.html]
[leedaegyu.pe.kr/bbs/board1175.html]
[leedaegyu.pe.kr/bbs/board8508.html]
[leedaegyu.pe.kr/bbs/board5355.html]
[leedaegyu.pe.kr/skin/board/board-formmail/styleaa39.css]
[leedaegyu.pe.kr/plugin/kcaptcha/index.html]
[leedaegyu.pe.kr/skin/board/faq-skin/img/chk.png]
[leedaegyu.pe.kr/skin/board/faq-skin/styleaa39.css]
[leedaegyu.pe.kr/bbs/board01c3.html]
[leedaegyu.pe.kr/bbs/board5338.html]
[leedaegyu.pe.kr/skin/board/notice/img/chk.png]
[leedaegyu.pe.kr/skin/board/notice/img/close_btn.png]
[leedaegyu.pe.kr/skin/board/notice/styleaa39.css]
[leedaegyu.pe.kr/img/sub-visual4.jpg]
[leedaegyu.pe.kr/css/sub4.css]
[leedaegyu.pe.kr/bbs/board3903.html]
[leedaegyu.pe.kr/bbs/boardad28.html]
[leedaegyu.pe.kr/bbs/board1334.html]
[leedaegyu.pe.kr/data/file/notice/124ff4517aaeb5ce12c71ca6b4e78089_DPGvnuAJ_37678a5c1e9a1cddc58acb1faafbd69a3743ee71.png]
[leedaegyu.pe.kr/bbs/boardba2e.html]
[leedaegyu.pe.kr/data/file/notice/124ff4517aaeb5ce12c71ca6b4e78089_P07yHcXu_abf36fd596839ff140eb18d9bedeaced6c97edb6.jpg]
[leedaegyu.pe.kr/bbs/board2367.html]
[leedaegyu.pe.kr/data/file/notice/124ff4517aaeb5ce12c71ca6b4e78089_ql9xUmVn_7fc93e1c164527777b579ca62c4b11e5585f3d5d.png]
[leedaegyu.pe.kr/bbs/boarde48d.html]
[leedaegyu.pe.kr/data/file/notice/124ff4517aaeb5ce12c71ca6b4e78089_kwVxTzKR_12d4ff44856a67bcc74ab068f6b8ce1fd1a89035.jpg]
[leedaegyu.pe.kr/bbs/boardca4f.html]
[leedaegyu.pe.kr/data/file/notice/124ff4517aaeb5ce12c71ca6b4e78089_XPlN7z05_aeaf5b647a712dd1f91a5dd6265a8ec5a2b93196.jpg]
[leedaegyu.pe.kr/bbs/board7f6f.html]
[leedaegyu.pe.kr/skin/board/event/img/close_btn.png]
[leedaegyu.pe.kr/skin/board/event/img/chk.png]
[leedaegyu.pe.kr/skin/board/event/styleaa39.css]
[leedaegyu.pe.kr/bbs/board8166.html]
[leedaegyu.pe.kr/bbs/board0df2.html]
[leedaegyu.pe.kr/data/file/event/19_copy_24_124ff4517aaeb5ce12c71ca6b4e78089_i67CRcSv_517a426f3d58d27f549f0c0036c9960ba1f07063.png]
[leedaegyu.pe.kr/data/file/event/19_copy_24_124ff4517aaeb5ce12c71ca6b4e78089_rdPiuqka_63b8e44332e8ebbc001934de33731c9f00357aa5.png]
[leedaegyu.pe.kr/bbs/boardd3a5.html]
[leedaegyu.pe.kr/data/file/event/2_copy3_23_4ef40fba3f0f0f128eef90fa7104bbf8_AmhiEWfN_393532967d4577b52edc25994f3283f0af9d557a.png]
[leedaegyu.pe.kr/data/file/event/2_copy3_23_4ef40fba3f0f0f128eef90fa7104bbf8_Wwd7BmIk_5c78ba8536290f548ede8495af8f8af9f6222687.png]
[leedaegyu.pe.kr/bbs/boardfc4a.html]
[leedaegyu.pe.kr/skin/board/sns/img/close_btn.png]
[leedaegyu.pe.kr/skin/board/sns/img/chk.png]
[leedaegyu.pe.kr/skin/board/sns/styleaa39.css]
[leedaegyu.pe.kr/bbs/board4e11.html]
[leedaegyu.pe.kr/data/file/sns/thumb-124ff4517aaeb5ce12c71ca6b4e78089_euUbzwjh_f91315414eda83bffe64a94634e600cce8c6662d_280x280.jpg]
[leedaegyu.pe.kr/bbs/board16d6.html]
[leedaegyu.pe.kr/bbs/board1b37.html]
[leedaegyu.pe.kr/bbs/board176b.html]
[leedaegyu.pe.kr/bbs/board16a1.html]
[leedaegyu.pe.kr/img/sub-visual5.jpg]
[leedaegyu.pe.kr/img/sub5-ico.png]
[leedaegyu.pe.kr/img/sub5-4-space1.jpg]
[leedaegyu.pe.kr/img/sub5-4-space2.jpg]
[leedaegyu.pe.kr/img/sub5-4-space3.jpg]
[leedaegyu.pe.kr/img/sub5-4-space4.jpg]
[leedaegyu.pe.kr/img/sub5-4-space5.jpg]
[leedaegyu.pe.kr/img/sub5-4-space6.jpg]
[leedaegyu.pe.kr/img/sub5-4-drive1.jpg]
[leedaegyu.pe.kr/img/sub5-4-drive2.jpg]
[leedaegyu.pe.kr/img/sub5-4-drive3.jpg]
[leedaegyu.pe.kr/img/sub5-4-drive4.jpg]
[leedaegyu.pe.kr/css/sub5.css]
[leedaegyu.pe.kr/skin/member/basic/img/chk.png]
[leedaegyu.pe.kr/skin/member/basic/styleaa39.css]
[leedaegyu.pe.kr/img/sub-visual0.jpg]
[leedaegyu.pe.kr/css/sub0.css]
[leedaegyu.pe.kr/bbs/password_lost.html]
[leedaegyu.pe.kr/img/menu-bg.svg]
[leedaegyu.pe.kr/img/menu-arrow.svg]
[leedaegyu.pe.kr/img/logo-long-gray.svg]
[leedaegyu.pe.kr/bbs/board0e22.html]
[leedaegyu.pe.kr/bbs/board3a20.html]
[leedaegyu.pe.kr/bbs/board2236.html]
[leedaegyu.pe.kr/bbs/board77b7.html]
[leedaegyu.pe.kr/bbs/boarda173.html]
[leedaegyu.pe.kr/bbs/board1f24.html]
[leedaegyu.pe.kr/img/sub-visual-policy.jpg]
[leedaegyu.pe.kr/css/policy.css]
[leedaegyu.pe.kr/img/sub1-1-begin-bg.svg]
[leedaegyu.pe.kr/img/sub1-1-begin-line.svg]
[leedaegyu.pe.kr/img/sub1-1-develope-bg.svg]
[leedaegyu.pe.kr/img/sub1-1-develope-line.svg]
[leedaegyu.pe.kr/img/sub1-3-big-arrow.svg]
[leedaegyu.pe.kr/img/sub1-3-small-arrow.svg]
[leedaegyu.pe.kr/data/file/store/4ef40fba3f0f0f128eef90fa7104bbf8_GPT0qJKu_ddc5815361f0cc0bd81272658259001d9a5f8c82.jpg]
[leedaegyu.pe.kr/bbs/board3a3b.html]
[leedaegyu.pe.kr/data/file/store/4ef40fba3f0f0f128eef90fa7104bbf8_49Up8snq_f1f6c43e1d4491067ba5b966ff02ce278bbde47e.jpg]
[leedaegyu.pe.kr/bbs/boarde00d.html]
[leedaegyu.pe.kr/data/file/store/4ef40fba3f0f0f128eef90fa7104bbf8_dVWiEKAc_1b4d8c93c8b1a1a02384552c845b38875f5700ab.jpg]
[leedaegyu.pe.kr/bbs/boardf7a0.html]
[leedaegyu.pe.kr/data/file/store/4ef40fba3f0f0f128eef90fa7104bbf8_2qlyGQEN_0aff4efd0f0eef14197be5f2bee5e3c1aa0c806d.jpg]
[leedaegyu.pe.kr/bbs/board72df.html]
[leedaegyu.pe.kr/bbs/boardfa65.html]
[leedaegyu.pe.kr/bbs/boarddb17.html]
[leedaegyu.pe.kr/bbs/board6216.html]
[leedaegyu.pe.kr/bbs/boardad47.html]
[leedaegyu.pe.kr/bbs/board032f.html]
[leedaegyu.pe.kr/bbs/board4b38.html]
[leedaegyu.pe.kr/bbs/boardb2ec.html]
[leedaegyu.pe.kr/bbs/boardfce1.html]
[leedaegyu.pe.kr/bbs/boardc66f.html]
[leedaegyu.pe.kr/bbs/boardd192.html]
[leedaegyu.pe.kr/bbs/board5c50.html]
[leedaegyu.pe.kr/bbs/boardf3d2.html]
[leedaegyu.pe.kr/bbs/board6e5c.html]
[leedaegyu.pe.kr/data/file/store/4ef40fba3f0f0f128eef90fa7104bbf8_XLSMK6f5_1a34dde607a8f9d188d4d9ce2b2b2897e3cc0e38.jpg]
[leedaegyu.pe.kr/bbs/board8e5a.html]
[leedaegyu.pe.kr/data/file/store/4ef40fba3f0f0f128eef90fa7104bbf8_XOtvGmS4_3efa96280bbbe5992e0fec3b4def0cd4cf0aa303.jpg]
[leedaegyu.pe.kr/bbs/board9a57.html]
[leedaegyu.pe.kr/data/file/store/4ef40fba3f0f0f128eef90fa7104bbf8_Wq7fU804_3d1d206726061f32b61af99badb8e914416a1d41.jpg]
[leedaegyu.pe.kr/bbs/board0855.html]
[leedaegyu.pe.kr/data/file/store/4ef40fba3f0f0f128eef90fa7104bbf8_sYCi9Maj_f2dc22c6e796650813f958591e6c401a2d53014e.jpg]
[leedaegyu.pe.kr/bbs/board7b38.html]
[leedaegyu.pe.kr/data/file/store/4ef40fba3f0f0f128eef90fa7104bbf8_YQ6D9Vxa_0b153450bd3e495889e17bda68a119f16cf6193f.jpg]
[leedaegyu.pe.kr/bbs/boardbc6a.html]
[leedaegyu.pe.kr/data/file/store/4ef40fba3f0f0f128eef90fa7104bbf8_bjWYwGLf_26f3935d7cb89d4f46e305fc4dd6cd4ebba942ce.jpg]
[leedaegyu.pe.kr/bbs/board9e39.html]
[leedaegyu.pe.kr/data/file/store/4ef40fba3f0f0f128eef90fa7104bbf8_Z7KHIiwW_79466af8efa73004d570f6da57023b756d8e9a7e.jpg]
[leedaegyu.pe.kr/bbs/board96b2.html]
[leedaegyu.pe.kr/data/file/store/4ef40fba3f0f0f128eef90fa7104bbf8_WvY2R1r8_ddba9fde83b671a7374f661d02e9996577b46562.jpg]
[leedaegyu.pe.kr/bbs/board5c2c.html]
[leedaegyu.pe.kr/bbs/board9527.html]
[leedaegyu.pe.kr/data/file/store/4ef40fba3f0f0f128eef90fa7104bbf8_fT7zNLqE_a2b0827c771200345a72a3e523d9d9c40762feb8.jpg]
[leedaegyu.pe.kr/bbs/board58d8.html]
[leedaegyu.pe.kr/data/file/store/4ef40fba3f0f0f128eef90fa7104bbf8_6sOUFWBg_c348413a5c72351921bd97516b033abb5c4ad3bd.jpg]
[leedaegyu.pe.kr/bbs/board55bb.html]
[leedaegyu.pe.kr/data/file/store/4ef40fba3f0f0f128eef90fa7104bbf8_jNudrElX_1d7df5aeeca86b77f1cf567b8235d2b869d0f3a4.jpg]
[leedaegyu.pe.kr/bbs/board22b1.html]
[leedaegyu.pe.kr/bbs/board8d80.html]
[leedaegyu.pe.kr/data/file/store/4ef40fba3f0f0f128eef90fa7104bbf8_YGFgPUSd_4fdac0debe1a83960c6a7001a55692f2d9abaac2.jpg]
[leedaegyu.pe.kr/bbs/boardf0fd.html]
[leedaegyu.pe.kr/data/file/store/4ef40fba3f0f0f128eef90fa7104bbf8_j1PZFosH_61b25d02aad0b8a1d079fcd3fadd14700e173cbf.jpg]
[leedaegyu.pe.kr/bbs/boardf624.html]
[leedaegyu.pe.kr/data/file/store/4ef40fba3f0f0f128eef90fa7104bbf8_cImN2Vjh_19537a77f3eca7a856d44eb5a1ade1ccbecf6926.jpg]
[leedaegyu.pe.kr/bbs/boardbe56.html]
[leedaegyu.pe.kr/bbs/board1aed.html]
[leedaegyu.pe.kr/data/file/store/4ef40fba3f0f0f128eef90fa7104bbf8_CdR1c6M0_9db72ea58304815620587c96f50dcaa0c53fe9fa.jpg]
[leedaegyu.pe.kr/bbs/board56fc.html]
[leedaegyu.pe.kr/bbs/board7edf.html]
[leedaegyu.pe.kr/data/file/store/4ef40fba3f0f0f128eef90fa7104bbf8_vSHCaFkZ_4e15304a0513959af55e4405d97a0677f65a1a89.jpg]
[leedaegyu.pe.kr/bbs/board01e5.html]
[leedaegyu.pe.kr/data/file/store/4ef40fba3f0f0f128eef90fa7104bbf8_WwaMeC73_addbcc70f6b872e409a0962f340ee419fe3a5deb.jpg]
[leedaegyu.pe.kr/bbs/boarda03a.html]
[leedaegyu.pe.kr/bbs/board64c7.html]
[leedaegyu.pe.kr/bbs/board3bc9.html]
[leedaegyu.pe.kr/data/file/store/4ef40fba3f0f0f128eef90fa7104bbf8_al6Gsjuz_0078fb4cccdfd40829400badbd3cbba025e10e98.jpg]
[leedaegyu.pe.kr/bbs/boardd681.html]
[leedaegyu.pe.kr/data/file/store/4ef40fba3f0f0f128eef90fa7104bbf8_cSEGWetN_cd4e587753840eedb73be251cda2b6249ee640d8.jpg]
[leedaegyu.pe.kr/bbs/boardffdc.html]
[leedaegyu.pe.kr/data/file/store/4ef40fba3f0f0f128eef90fa7104bbf8_0yiJzvqr_0754ddd9dfe18d0055fc8f90d4b80245b165b190.jpg]
[leedaegyu.pe.kr/bbs/board5c37.html]
[leedaegyu.pe.kr/bbs/board4d2e.html]
[leedaegyu.pe.kr/data/file/store/4ef40fba3f0f0f128eef90fa7104bbf8_MpBkD2XL_74806887be2467f63e68d37cebf5a9f57e6fabd2.jpg]
[leedaegyu.pe.kr/bbs/boardc087.html]
[leedaegyu.pe.kr/data/file/store/4ef40fba3f0f0f128eef90fa7104bbf8_jVOAuFyg_30be351dd0986d39ab25e7eb2ae5b4954981b7e1.jpg]
[leedaegyu.pe.kr/bbs/board2a25.html]
[leedaegyu.pe.kr/data/file/store/4ef40fba3f0f0f128eef90fa7104bbf8_hjN2elMI_4212eea8ab79223e8c2743d53d06f9705b51866f.jpg]
[leedaegyu.pe.kr/bbs/board1c95.html]
[leedaegyu.pe.kr/bbs/boardc1d8.html]
[leedaegyu.pe.kr/bbs/boarde7d6.html]
[leedaegyu.pe.kr/data/file/store/4ef40fba3f0f0f128eef90fa7104bbf8_GCzZqLFR_28bd04254e357e05119ddb206b553c6b94ac80be.jpg]
[leedaegyu.pe.kr/bbs/boardb2d7.html]
[leedaegyu.pe.kr/data/file/store/4ef40fba3f0f0f128eef90fa7104bbf8_1qhjfuoP_ef8315306c909eb80f4cbaf3131e83685aa18b21.jpg]
[leedaegyu.pe.kr/bbs/boardc323.html]
[leedaegyu.pe.kr/bbs/board625f.html]
[leedaegyu.pe.kr/bbs/board8851.html]
[leedaegyu.pe.kr/data/file/store/4ef40fba3f0f0f128eef90fa7104bbf8_hFkleq1m_06a52f750839678a3ed736cf1cc05c645fd1fe04.jpg]
[leedaegyu.pe.kr/bbs/boardf748.html]
[leedaegyu.pe.kr/bbs/board3ce5.html]
[leedaegyu.pe.kr/bbs/board269f.html]
[leedaegyu.pe.kr/bbs/board634e.html]
[leedaegyu.pe.kr/data/file/store/4ef40fba3f0f0f128eef90fa7104bbf8_sFq96HYw_117e93ab8cc1913e42a7328692ba1a8355c52b9b.jpg]
[leedaegyu.pe.kr/bbs/boardd345.html]
[leedaegyu.pe.kr/data/file/store/4ef40fba3f0f0f128eef90fa7104bbf8_jW3O7MVs_8ceabdc8e15406e46d3b149a5341404303a2ae7a.jpg]
[leedaegyu.pe.kr/bbs/board00e5.html]
[leedaegyu.pe.kr/bbs/boardbec6.html]
[leedaegyu.pe.kr/data/file/store/4ef40fba3f0f0f128eef90fa7104bbf8_xEK5nPch_0be9b26ec5741e5f5da216b639f5f64d72dcf289.jpg]
[leedaegyu.pe.kr/bbs/boardc11e.html]
[leedaegyu.pe.kr/data/file/store/4ef40fba3f0f0f128eef90fa7104bbf8_exnIl2Fp_08d2892606cc7b0ec0e30c1769e0417b58d3398b.jpg]
[leedaegyu.pe.kr/bbs/boardd86a.html]
[leedaegyu.pe.kr/data/file/store/4ef40fba3f0f0f128eef90fa7104bbf8_UvVuTfdW_5079fac0b67d65b7c09accf9bbf7d735e82c8b7b.jpg]
[leedaegyu.pe.kr/bbs/boardf497.html]
[leedaegyu.pe.kr/data/file/store/4ef40fba3f0f0f128eef90fa7104bbf8_dz6y7MIm_3095a1f41ffef6fbb80efad67a97236b78942526.jpg]
[leedaegyu.pe.kr/bbs/boardeb29.html]
[leedaegyu.pe.kr/data/file/store/4ef40fba3f0f0f128eef90fa7104bbf8_G3avW80l_536b1dda6d46e953416024e9e632ea6ab2f82e90.jpg]
[leedaegyu.pe.kr/bbs/boardff7e.html]
[leedaegyu.pe.kr/data/file/store/4ef40fba3f0f0f128eef90fa7104bbf8_A6bIQ2Lt_00d8e8bfb8f4b6499c9098c13357185cbd1ec18a.jpg]
[leedaegyu.pe.kr/bbs/board97f5.html]
[leedaegyu.pe.kr/bbs/boardfc3c.html]
[leedaegyu.pe.kr/data/file/store/4ef40fba3f0f0f128eef90fa7104bbf8_pg7MEKom_56962710364e7c907d601eb37fd3e264018c3fb5.jpg]
[leedaegyu.pe.kr/bbs/board4129.html]
[leedaegyu.pe.kr/bbs/boardc9da.html]
[leedaegyu.pe.kr/bbs/board1a30.html]
[leedaegyu.pe.kr/bbs/board3679.html]
[leedaegyu.pe.kr/bbs/board362d.html]
[leedaegyu.pe.kr/bbs/board4c2e.html]
[leedaegyu.pe.kr/bbs/board7c95.html]
[leedaegyu.pe.kr/bbs/board10b6.html]
[leedaegyu.pe.kr/bbs/board6c9c.html]
[leedaegyu.pe.kr/bbs/boardb35a.html]
[leedaegyu.pe.kr/bbs/boardfce2.html]
[leedaegyu.pe.kr/bbs/board388e.html]
[leedaegyu.pe.kr/bbs/boarddfae.html]
[leedaegyu.pe.kr/bbs/boardbe30.html]
[leedaegyu.pe.kr/bbs/board61fe.html]
[leedaegyu.pe.kr/bbs/board9371.html]
[leedaegyu.pe.kr/bbs/board0a78.html]
[leedaegyu.pe.kr/bbs/board848d.html]
[leedaegyu.pe.kr/bbs/board774b.html]
[leedaegyu.pe.kr/bbs/boardb245.html]
[leedaegyu.pe.kr/bbs/boardbafc.html]
[leedaegyu.pe.kr/bbs/board9515.html]
[leedaegyu.pe.kr/bbs/board2c82.html]
[leedaegyu.pe.kr/bbs/board76c1.html]
[leedaegyu.pe.kr/bbs/board24ea.html]
[leedaegyu.pe.kr/bbs/board8005.html]
[leedaegyu.pe.kr/bbs/boardb4c1.html]
[leedaegyu.pe.kr/bbs/board946b.html]
[leedaegyu.pe.kr/bbs/board7218.html]
[leedaegyu.pe.kr/bbs/board0c99.html]
[leedaegyu.pe.kr/bbs/boardb664.html]
[leedaegyu.pe.kr/bbs/board3780.html]
[leedaegyu.pe.kr/bbs/board6fd1.html]
[leedaegyu.pe.kr/bbs/board1696.html]
[leedaegyu.pe.kr/bbs/boardb67e.html]
[leedaegyu.pe.kr/bbs/board8cba.html]
[leedaegyu.pe.kr/bbs/board95b8.html]
[leedaegyu.pe.kr/bbs/board2ca7.html]
[leedaegyu.pe.kr/bbs/board10c7.html]
[leedaegyu.pe.kr/bbs/boardba96.html]
[leedaegyu.pe.kr/bbs/board197b.html]
[leedaegyu.pe.kr/bbs/boardbf5a.html]
[leedaegyu.pe.kr/bbs/boarda451.html]
[leedaegyu.pe.kr/bbs/boardcdfb.html]
[leedaegyu.pe.kr/bbs/board4a06.html]
[leedaegyu.pe.kr/bbs/board46f0.html]
[leedaegyu.pe.kr/bbs/boardd291.html]
[leedaegyu.pe.kr/bbs/board759c.html]
[leedaegyu.pe.kr/bbs/board2919.html]
[leedaegyu.pe.kr/bbs/boardbb6e.html]
[leedaegyu.pe.kr/bbs/boardbdb8.html]
[leedaegyu.pe.kr/bbs/board440d.html]
[leedaegyu.pe.kr/bbs/boarde33f.html]
[leedaegyu.pe.kr/bbs/boarda37a.html]
[leedaegyu.pe.kr/bbs/boardc12f.html]
[leedaegyu.pe.kr/bbs/boardbae0.html]
[leedaegyu.pe.kr/bbs/boardfb84.html]
[leedaegyu.pe.kr/bbs/board8733.html]
[leedaegyu.pe.kr/bbs/boardb4ed.html]
[leedaegyu.pe.kr/bbs/board7986.html]
[leedaegyu.pe.kr/bbs/board2ce5.html]
[leedaegyu.pe.kr/bbs/boardb475.html]
[leedaegyu.pe.kr/bbs/boardb9d3.html]
[leedaegyu.pe.kr/bbs/board6eac.html]
[leedaegyu.pe.kr/bbs/boardd03b.html]
[leedaegyu.pe.kr/bbs/boarda07c.html]
[leedaegyu.pe.kr/bbs/board33db.html]
[leedaegyu.pe.kr/bbs/board7e04.html]
[leedaegyu.pe.kr/bbs/board54fc.html]
[leedaegyu.pe.kr/bbs/board56a6.html]
[leedaegyu.pe.kr/bbs/board3cf7.html]
[leedaegyu.pe.kr/bbs/board5137.html]
[leedaegyu.pe.kr/bbs/boardf373.html]
[leedaegyu.pe.kr/bbs/board37ae.html]
[leedaegyu.pe.kr/bbs/boardd6a7.html]
[leedaegyu.pe.kr/bbs/board48f3.html]
[leedaegyu.pe.kr/bbs/boarddb0f.html]
[leedaegyu.pe.kr/bbs/board256e.html]
[leedaegyu.pe.kr/bbs/boardd7d3.html]
[leedaegyu.pe.kr/bbs/board5b9f.html]
[leedaegyu.pe.kr/bbs/board62c6.html]
[leedaegyu.pe.kr/bbs/boarda554.html]
[leedaegyu.pe.kr/bbs/boardbb72.html]
[leedaegyu.pe.kr/bbs/boarda19b.html]
[leedaegyu.pe.kr/bbs/board6da6.html]
[leedaegyu.pe.kr/bbs/boardad15.html]
[leedaegyu.pe.kr/bbs/board0a34.html]
[leedaegyu.pe.kr/bbs/board53fb.html]
[leedaegyu.pe.kr/bbs/board2a3c.html]
[leedaegyu.pe.kr/bbs/board34ed.html]
[leedaegyu.pe.kr/bbs/boardc042.html]
[leedaegyu.pe.kr/bbs/board69d5.html]
[leedaegyu.pe.kr/bbs/board53e8.html]
[leedaegyu.pe.kr/bbs/board6bad.html]
[leedaegyu.pe.kr/bbs/boarda5c2.html]
[leedaegyu.pe.kr/bbs/board876c.html]
[leedaegyu.pe.kr/bbs/board06e4.html]
[leedaegyu.pe.kr/bbs/board778d.html]
[leedaegyu.pe.kr/bbs/boardaf65.html]
[leedaegyu.pe.kr/bbs/board9dac.html]
[leedaegyu.pe.kr/bbs/board7694.html]
[leedaegyu.pe.kr/bbs/boardcf64.html]
[leedaegyu.pe.kr/bbs/boarde192.html]
[leedaegyu.pe.kr/bbs/board88ef.html]
[leedaegyu.pe.kr/bbs/boardb101.html]
[leedaegyu.pe.kr/bbs/boarda6f9.html]
[leedaegyu.pe.kr/bbs/board99bb.html]
[leedaegyu.pe.kr/bbs/board607a.html]
[leedaegyu.pe.kr/bbs/boardc211.html]
[leedaegyu.pe.kr/bbs/boardf1e0.html]
[leedaegyu.pe.kr/bbs/boardf2fd.html]
[leedaegyu.pe.kr/bbs/boarda0eb.html]
[leedaegyu.pe.kr/bbs/board6412.html]
[leedaegyu.pe.kr/bbs/board21fe.html]
[leedaegyu.pe.kr/bbs/board0175.html]
[leedaegyu.pe.kr/bbs/board94b8.html]
[leedaegyu.pe.kr/bbs/boarda2e3.html]
[leedaegyu.pe.kr/bbs/board975c.html]
[leedaegyu.pe.kr/bbs/board7624.html]
[leedaegyu.pe.kr/bbs/boardd980.html]
[leedaegyu.pe.kr/bbs/boardbe50.html]
[leedaegyu.pe.kr/bbs/board1f00.html]
[leedaegyu.pe.kr/bbs/board96dc.html]
[leedaegyu.pe.kr/bbs/boardb9a6.html]
[leedaegyu.pe.kr/bbs/boardc703.html]
[leedaegyu.pe.kr/bbs/board5728.html]
[leedaegyu.pe.kr/bbs/boardb8d3.html]
[leedaegyu.pe.kr/bbs/boardb28a.html]
[leedaegyu.pe.kr/bbs/boarda098.html]
[leedaegyu.pe.kr/bbs/board1ea9.html]
[leedaegyu.pe.kr/bbs/boardde6d.html]
[leedaegyu.pe.kr/bbs/board5c5a.html]
[leedaegyu.pe.kr/bbs/boardc524.html]
[leedaegyu.pe.kr/bbs/boarded25.html]
[leedaegyu.pe.kr/bbs/boardc20b.html]
[leedaegyu.pe.kr/bbs/board67ad.html]
[leedaegyu.pe.kr/bbs/board8e04.html]
[leedaegyu.pe.kr/bbs/board3459.html]
[leedaegyu.pe.kr/bbs/board71db.html]
[leedaegyu.pe.kr/bbs/board8fb7.html]
[leedaegyu.pe.kr/bbs/boardf706.html]
[leedaegyu.pe.kr/bbs/board7849.html]
[leedaegyu.pe.kr/bbs/board20db.html]
[leedaegyu.pe.kr/bbs/boardbbd8.html]
[leedaegyu.pe.kr/bbs/board0e07.html]
[leedaegyu.pe.kr/bbs/board3b1b.html]
[leedaegyu.pe.kr/bbs/board1301.html]
[leedaegyu.pe.kr/bbs/board686a.html]
[leedaegyu.pe.kr/bbs/board1715.html]
[leedaegyu.pe.kr/bbs/board7ebe.html]
[leedaegyu.pe.kr/bbs/boardd1db.html]
[leedaegyu.pe.kr/bbs/boardd249.html]
[leedaegyu.pe.kr/bbs/board66f7.html]
[leedaegyu.pe.kr/bbs/boardf391.html]
[leedaegyu.pe.kr/bbs/board3dd7.html]
[leedaegyu.pe.kr/bbs/boardd246.html]
[leedaegyu.pe.kr/bbs/board6629.html]
[leedaegyu.pe.kr/bbs/boardbc48.html]
[leedaegyu.pe.kr/bbs/board7579.html]
[leedaegyu.pe.kr/bbs/boarde822.html]
[leedaegyu.pe.kr/bbs/boardb17e.html]
[leedaegyu.pe.kr/bbs/board74ed.html]
[leedaegyu.pe.kr/bbs/board9741.html]
[leedaegyu.pe.kr/bbs/boardfdc9.html]
[leedaegyu.pe.kr/bbs/board96fd.html]
[leedaegyu.pe.kr/bbs/board4bc3.html]
[leedaegyu.pe.kr/bbs/board8886.html]
[leedaegyu.pe.kr/bbs/board72c5.html]
[leedaegyu.pe.kr/bbs/board3033.html]
[leedaegyu.pe.kr/bbs/boardafdf.html]
[leedaegyu.pe.kr/bbs/board65c3.html]
[leedaegyu.pe.kr/bbs/board4941.html]
[leedaegyu.pe.kr/bbs/board3190.html]
[leedaegyu.pe.kr/bbs/board4eba.html]
[leedaegyu.pe.kr/bbs/boardb32f.html]
[leedaegyu.pe.kr/bbs/board7e33.html]
[leedaegyu.pe.kr/bbs/boarda6fa.html]
[leedaegyu.pe.kr/bbs/board5c28.html]
[leedaegyu.pe.kr/bbs/board195b.html]
[leedaegyu.pe.kr/bbs/board6eb4.html]
[leedaegyu.pe.kr/bbs/board65c8.html]
[leedaegyu.pe.kr/bbs/board6cfa.html]
[leedaegyu.pe.kr/bbs/boardbcfa.html]
[leedaegyu.pe.kr/bbs/board9ca8.html]
[leedaegyu.pe.kr/bbs/boardb1c9.html]
[leedaegyu.pe.kr/bbs/board62e2.html]
[leedaegyu.pe.kr/bbs/board1e5e.html]
[leedaegyu.pe.kr/bbs/boardc900.html]
[leedaegyu.pe.kr/bbs/boarde976.html]
[leedaegyu.pe.kr/bbs/board59c5.html]
[leedaegyu.pe.kr/bbs/boardc160.html]
[leedaegyu.pe.kr/bbs/boardae7f.html]
[leedaegyu.pe.kr/bbs/boardf244.html]
[leedaegyu.pe.kr/bbs/boarda5a2.html]
[leedaegyu.pe.kr/bbs/boardf775.html]
[leedaegyu.pe.kr/bbs/boardccc3.html]
[leedaegyu.pe.kr/bbs/boardcbef.html]
[leedaegyu.pe.kr/bbs/boardf059.html]
[leedaegyu.pe.kr/bbs/board3fe6.html]
[leedaegyu.pe.kr/bbs/board8d75.html]
[leedaegyu.pe.kr/bbs/board5061.html]
[leedaegyu.pe.kr/bbs/board9b61.html]
[leedaegyu.pe.kr/bbs/board96af.html]
[leedaegyu.pe.kr/bbs/board1564.html]
[leedaegyu.pe.kr/bbs/board8699.html]
[leedaegyu.pe.kr/bbs/boardf31e.html]
[leedaegyu.pe.kr/bbs/boardd77b.html]
[leedaegyu.pe.kr/bbs/board20d5.html]
[leedaegyu.pe.kr/bbs/boardf3a8.html]
[leedaegyu.pe.kr/bbs/board8728.html]
[leedaegyu.pe.kr/bbs/boarda902.html]
[leedaegyu.pe.kr/bbs/board05ae.html]
[leedaegyu.pe.kr/bbs/boarded6d.html]
[leedaegyu.pe.kr/bbs/board559a.html]
[leedaegyu.pe.kr/bbs/board46c2.html]
[leedaegyu.pe.kr/bbs/board47fc.html]
[leedaegyu.pe.kr/bbs/board411a.html]
[leedaegyu.pe.kr/bbs/board5acc.html]
[leedaegyu.pe.kr/bbs/board7e5e.html]
[leedaegyu.pe.kr/bbs/board9cf0.html]
[leedaegyu.pe.kr/bbs/board76b6.html]
[leedaegyu.pe.kr/bbs/board7050.html]
[leedaegyu.pe.kr/bbs/board3305.html]
[leedaegyu.pe.kr/bbs/board17ec.html]
[leedaegyu.pe.kr/bbs/board542e.html]
[leedaegyu.pe.kr/bbs/board356b.html]
[leedaegyu.pe.kr/bbs/boardbf6f.html]
[leedaegyu.pe.kr/bbs/board030e.html]
[leedaegyu.pe.kr/bbs/board5430.html]
[leedaegyu.pe.kr/bbs/board7c8a.html]
[leedaegyu.pe.kr/bbs/boardc4b7.html]
[leedaegyu.pe.kr/bbs/boardecde.html]
[leedaegyu.pe.kr/bbs/board0917.html]
[leedaegyu.pe.kr/bbs/boarde41f.html]
[leedaegyu.pe.kr/bbs/boarde488.html]
[leedaegyu.pe.kr/bbs/board3ac7.html]
[leedaegyu.pe.kr/bbs/board8e71.html]
[leedaegyu.pe.kr/bbs/boardfa4b.html]
[leedaegyu.pe.kr/bbs/boardff90.html]
[leedaegyu.pe.kr/bbs/boardb661.html]
[leedaegyu.pe.kr/bbs/board60bf.html]
[leedaegyu.pe.kr/bbs/board3704.html]
[leedaegyu.pe.kr/bbs/board783f.html]
[leedaegyu.pe.kr/bbs/board08e6.html]
[leedaegyu.pe.kr/bbs/board6d1e.html]
[leedaegyu.pe.kr/bbs/board6d6f.html]
[leedaegyu.pe.kr/bbs/board9b2d.html]
[leedaegyu.pe.kr/bbs/boarde7ad.html]
[leedaegyu.pe.kr/bbs/board57c9.html]
[leedaegyu.pe.kr/bbs/board9e59.html]
[leedaegyu.pe.kr/bbs/board720d.html]
[leedaegyu.pe.kr/bbs/board3f44.html]
[leedaegyu.pe.kr/bbs/board2f5c.html]
[leedaegyu.pe.kr/bbs/board997d.html]
[leedaegyu.pe.kr/bbs/board94be.html]
[leedaegyu.pe.kr/bbs/boarde8a8.html]
[leedaegyu.pe.kr/bbs/boarddda5.html]
[leedaegyu.pe.kr/bbs/board9f49.html]
[leedaegyu.pe.kr/bbs/boardda5e.html]
[leedaegyu.pe.kr/bbs/board82fa.html]
[leedaegyu.pe.kr/bbs/board891a.html]
[leedaegyu.pe.kr/bbs/boardafd6.html]
[leedaegyu.pe.kr/bbs/boardcb21.html]
[leedaegyu.pe.kr/bbs/board5b66.html]
[leedaegyu.pe.kr/bbs/board4d2f.html]
[leedaegyu.pe.kr/bbs/board7a4c.html]
[leedaegyu.pe.kr/bbs/board6f4a.html]
[leedaegyu.pe.kr/bbs/boarda140.html]
[leedaegyu.pe.kr/bbs/boarda857.html]
[leedaegyu.pe.kr/bbs/board698c.html]
[leedaegyu.pe.kr/bbs/board1413.html]
[leedaegyu.pe.kr/bbs/board3eb2.html]
[leedaegyu.pe.kr/bbs/boarde7b6.html]
[leedaegyu.pe.kr/bbs/board3a51.html]
[leedaegyu.pe.kr/bbs/board5cd7.html]
[leedaegyu.pe.kr/bbs/board91f4.html]
[leedaegyu.pe.kr/bbs/board7c84.html]
[leedaegyu.pe.kr/bbs/board4111.html]
[leedaegyu.pe.kr/bbs/board4f9d.html]
[leedaegyu.pe.kr/bbs/board02ce.html]
[leedaegyu.pe.kr/bbs/boardc9dd.html]
[leedaegyu.pe.kr/bbs/board70fa.html]
[leedaegyu.pe.kr/bbs/boardb967.html]
[leedaegyu.pe.kr/bbs/board8159.html]
[leedaegyu.pe.kr/bbs/board1d2d.html]
[leedaegyu.pe.kr/bbs/board1dc5.html]
[leedaegyu.pe.kr/bbs/boarda915.html]
[leedaegyu.pe.kr/bbs/board3838.html]
[leedaegyu.pe.kr/bbs/board2247.html]
[leedaegyu.pe.kr/bbs/board90a8.html]
[leedaegyu.pe.kr/bbs/board95c8.html]
[leedaegyu.pe.kr/bbs/board8070.html]
[leedaegyu.pe.kr/bbs/boarddb62.html]
[leedaegyu.pe.kr/bbs/board3799.html]
[leedaegyu.pe.kr/bbs/boardb8ce.html]
[leedaegyu.pe.kr/bbs/board618e.html]
[leedaegyu.pe.kr/bbs/board4ecd.html]
[leedaegyu.pe.kr/bbs/boarddf29.html]
[leedaegyu.pe.kr/bbs/boarddd55.html]
[leedaegyu.pe.kr/bbs/boardb8a6.html]
[leedaegyu.pe.kr/bbs/board0b35.html]
[leedaegyu.pe.kr/bbs/board48f1.html]
[leedaegyu.pe.kr/bbs/board2bd5.html]
[leedaegyu.pe.kr/bbs/boarda65d.html]
[leedaegyu.pe.kr/bbs/boarda986.html]
[leedaegyu.pe.kr/bbs/boardc11f.html]
[leedaegyu.pe.kr/bbs/board8276.html]
[leedaegyu.pe.kr/bbs/board3cce.html]
[leedaegyu.pe.kr/bbs/board48e5.html]
[leedaegyu.pe.kr/bbs/boardbe8b.html]
[leedaegyu.pe.kr/bbs/boardc01c.html]
[leedaegyu.pe.kr/bbs/board62ef.html]
[leedaegyu.pe.kr/bbs/board20a9.html]
